{"C:\\Users\\muhav\\Documents\\Projects\\p-p-chat\\src\\components\\chat-window\\index.tsx": {"path":"C:\\Users\\muhav\\Documents\\Projects\\p-p-chat\\src\\components\\chat-window\\index.tsx","statementMap":{"0":{"start":{"line":1,"column":0},"end":{"line":1,"column":39}},"1":{"start":{"line":2,"column":0},"end":{"line":2,"column":64}},"2":{"start":{"line":4,"column":0},"end":{"line":4,"column":55}},"3":{"start":{"line":5,"column":0},"end":{"line":5,"column":48}},"4":{"start":{"line":6,"column":0},"end":{"line":6,"column":53}},"5":{"start":{"line":9,"column":18},"end":{"line":16,"column":2}},"6":{"start":{"line":18,"column":20},"end":{"line":29,"column":2}},"7":{"start":{"line":31,"column":19},"end":{"line":44,"column":2}},"8":{"start":{"line":46,"column":15},"end":{"line":51,"column":2}},"9":{"start":{"line":53,"column":19},"end":{"line":55,"column":2}},"10":{"start":{"line":57,"column":17},"end":{"line":62,"column":2}},"11":{"start":{"line":64,"column":21},"end":{"line":80,"column":2}},"12":{"start":{"line":67,"column":4},"end":{"line":67,"column":66}},"13":{"start":{"line":78,"column":6},"end":{"line":78,"column":66}},"14":{"start":{"line":82,"column":26},"end":{"line":90,"column":2}},"15":{"start":{"line":92,"column":22},"end":{"line":104,"column":2}},"16":{"start":{"line":97,"column":28},"end":{"line":97,"column":68}},"17":{"start":{"line":99,"column":4},"end":{"line":99,"column":59}},"18":{"start":{"line":101,"column":4},"end":{"line":101,"column":59}},"19":{"start":{"line":103,"column":30},"end":{"line":103,"column":70}},"20":{"start":{"line":106,"column":20},"end":{"line":110,"column":2}},"21":{"start":{"line":112,"column":20},"end":{"line":117,"column":2}},"22":{"start":{"line":115,"column":4},"end":{"line":115,"column":69}},"23":{"start":{"line":119,"column":23},"end":{"line":135,"column":2}},"24":{"start":{"line":137,"column":18},"end":{"line":141,"column":2}},"25":{"start":{"line":143,"column":14},"end":{"line":160,"column":2}},"26":{"start":{"line":162,"column":19},"end":{"line":200,"column":2}},"27":{"start":{"line":202,"column":19},"end":{"line":211,"column":2}},"28":{"start":{"line":213,"column":24},"end":{"line":218,"column":2}},"29":{"start":{"line":220,"column":22},"end":{"line":226,"column":2}},"30":{"start":{"line":228,"column":23},"end":{"line":244,"column":2}},"31":{"start":{"line":236,"column":25},"end":{"line":236,"column":49}},"32":{"start":{"line":237,"column":28},"end":{"line":237,"column":63}},"33":{"start":{"line":239,"column":32},"end":{"line":239,"column":60}},"34":{"start":{"line":246,"column":22},"end":{"line":262,"column":2}},"35":{"start":{"line":249,"column":23},"end":{"line":249,"column":52}},"36":{"start":{"line":255,"column":32},"end":{"line":255,"column":60}},"37":{"start":{"line":256,"column":28},"end":{"line":256,"column":63}},"38":{"start":{"line":264,"column":21},"end":{"line":268,"column":2}},"39":{"start":{"line":270,"column":20},"end":{"line":290,"column":2}},"40":{"start":{"line":292,"column":22},"end":{"line":297,"column":2}},"41":{"start":{"line":299,"column":23},"end":{"line":304,"column":2}},"42":{"start":{"line":306,"column":20},"end":{"line":312,"column":2}},"43":{"start":{"line":314,"column":20},"end":{"line":320,"column":2}},"44":{"start":{"line":322,"column":22},"end":{"line":338,"column":2}},"45":{"start":{"line":325,"column":4},"end":{"line":325,"column":66}},"46":{"start":{"line":336,"column":6},"end":{"line":336,"column":68}},"47":{"start":{"line":340,"column":20},"end":{"line":344,"column":2}},"48":{"start":{"line":346,"column":17},"end":{"line":352,"column":2}},"49":{"start":{"line":354,"column":18},"end":{"line":358,"column":2}},"50":{"start":{"line":360,"column":16},"end":{"line":364,"column":2}},"51":{"start":{"line":366,"column":19},"end":{"line":631,"column":1}},"52":{"start":{"line":367,"column":48},"end":{"line":367,"column":70}},"53":{"start":{"line":368,"column":42},"end":{"line":368,"column":54}},"54":{"start":{"line":369,"column":34},"end":{"line":369,"column":49}},"55":{"start":{"line":370,"column":42},"end":{"line":370,"column":57}},"56":{"start":{"line":371,"column":25},"end":{"line":371,"column":53}},"57":{"start":{"line":372,"column":27},"end":{"line":372,"column":62}},"58":{"start":{"line":374,"column":21},"end":{"line":374,"column":75}},"59":{"start":{"line":375,"column":19},"end":{"line":375,"column":74}},"60":{"start":{"line":377,"column":2},"end":{"line":379,"column":17}},"61":{"start":{"line":378,"column":4},"end":{"line":378,"column":21}},"62":{"start":{"line":381,"column":2},"end":{"line":413,"column":25}},"63":{"start":{"line":382,"column":4},"end":{"line":412,"column":5}},"64":{"start":{"line":383,"column":31},"end":{"line":394,"column":7}},"65":{"start":{"line":384,"column":8},"end":{"line":393,"column":9}},"66":{"start":{"line":385,"column":10},"end":{"line":392,"column":13}},"67":{"start":{"line":396,"column":27},"end":{"line":403,"column":7}},"68":{"start":{"line":397,"column":8},"end":{"line":402,"column":9}},"69":{"start":{"line":398,"column":10},"end":{"line":398,"column":37}},"70":{"start":{"line":399,"column":10},"end":{"line":401,"column":11}},"71":{"start":{"line":400,"column":12},"end":{"line":400,"column":55}},"72":{"start":{"line":400,"column":29},"end":{"line":400,"column":47}},"73":{"start":{"line":405,"column":6},"end":{"line":405,"column":48}},"74":{"start":{"line":406,"column":6},"end":{"line":406,"column":43}},"75":{"start":{"line":408,"column":6},"end":{"line":411,"column":8}},"76":{"start":{"line":409,"column":8},"end":{"line":409,"column":51}},"77":{"start":{"line":410,"column":8},"end":{"line":410,"column":46}},"78":{"start":{"line":415,"column":25},"end":{"line":417,"column":3}},"79":{"start":{"line":416,"column":4},"end":{"line":416,"column":67}},"80":{"start":{"line":419,"column":21},"end":{"line":439,"column":3}},"81":{"start":{"line":420,"column":4},"end":{"line":438,"column":5}},"82":{"start":{"line":421,"column":6},"end":{"line":437,"column":9}},"83":{"start":{"line":422,"column":25},"end":{"line":422,"column":43}},"84":{"start":{"line":423,"column":21},"end":{"line":423,"column":45}},"85":{"start":{"line":424,"column":8},"end":{"line":435,"column":9}},"86":{"start":{"line":426,"column":32},"end":{"line":427,"column":null}},"87":{"start":{"line":427,"column":21},"end":{"line":427,"column":42}},"88":{"start":{"line":429,"column":10},"end":{"line":434,"column":11}},"89":{"start":{"line":430,"column":12},"end":{"line":430,"column":40}},"90":{"start":{"line":431,"column":12},"end":{"line":431,"column":47}},"91":{"start":{"line":432,"column":12},"end":{"line":432,"column":40}},"92":{"start":{"line":433,"column":12},"end":{"line":433,"column":50}},"93":{"start":{"line":436,"column":8},"end":{"line":436,"column":24}},"94":{"start":{"line":441,"column":28},"end":{"line":465,"column":3}},"95":{"start":{"line":442,"column":4},"end":{"line":442,"column":23}},"96":{"start":{"line":444,"column":4},"end":{"line":444,"column":61}},"97":{"start":{"line":444,"column":54},"end":{"line":444,"column":61}},"98":{"start":{"line":446,"column":22},"end":{"line":448,"column":21}},"99":{"start":{"line":449,"column":32},"end":{"line":456,"column":6}},"100":{"start":{"line":459,"column":4},"end":{"line":459,"column":27}},"101":{"start":{"line":462,"column":4},"end":{"line":462,"column":79}},"102":{"start":{"line":464,"column":4},"end":{"line":464,"column":24}},"103":{"start":{"line":467,"column":23},"end":{"line":481,"column":3}},"104":{"start":{"line":468,"column":4},"end":{"line":468,"column":27}},"105":{"start":{"line":470,"column":4},"end":{"line":480,"column":5}},"106":{"start":{"line":471,"column":6},"end":{"line":471,"column":54}},"107":{"start":{"line":473,"column":6},"end":{"line":475,"column":7}},"108":{"start":{"line":474,"column":8},"end":{"line":474,"column":47}},"109":{"start":{"line":477,"column":6},"end":{"line":479,"column":15}},"110":{"start":{"line":478,"column":8},"end":{"line":478,"column":57}},"111":{"start":{"line":483,"column":21},"end":{"line":490,"column":3}},"112":{"start":{"line":484,"column":17},"end":{"line":484,"column":36}},"113":{"start":{"line":485,"column":4},"end":{"line":489,"column":7}},"114":{"start":{"line":492,"column":21},"end":{"line":510,"column":3}},"115":{"start":{"line":493,"column":17},"end":{"line":493,"column":36}},"116":{"start":{"line":494,"column":18},"end":{"line":494,"column":28}},"117":{"start":{"line":495,"column":22},"end":{"line":495,"column":37}},"118":{"start":{"line":496,"column":4},"end":{"line":496,"column":47}},"119":{"start":{"line":498,"column":4},"end":{"line":509,"column":5}},"120":{"start":{"line":499,"column":6},"end":{"line":499,"column":21}},"121":{"start":{"line":500,"column":11},"end":{"line":509,"column":5}},"122":{"start":{"line":501,"column":6},"end":{"line":501,"column":25}},"123":{"start":{"line":503,"column":6},"end":{"line":508,"column":9}},"124":{"start":{"line":512,"column":34},"end":{"line":531,"column":3}},"125":{"start":{"line":513,"column":19},"end":{"line":513,"column":21}},"126":{"start":{"line":514,"column":4},"end":{"line":530,"column":7}},"127":{"start":{"line":515,"column":26},"end":{"line":515,"column":55}},"128":{"start":{"line":516,"column":23},"end":{"line":516,"column":47}},"129":{"start":{"line":517,"column":6},"end":{"line":517,"column":29}},"130":{"start":{"line":519,"column":6},"end":{"line":529,"column":8}},"131":{"start":{"line":533,"column":2},"end":{"line":544,"column":3}},"132":{"start":{"line":534,"column":4},"end":{"line":543,"column":6}},"133":{"start":{"line":546,"column":2},"end":{"line":630,"column":4}},"134":{"start":{"line":549,"column":35},"end":{"line":549,"column":56}},"135":{"start":{"line":573,"column":31},"end":{"line":573,"column":59}},"136":{"start":{"line":591,"column":23},"end":{"line":591,"column":45}},"137":{"start":{"line":596,"column":38},"end":{"line":596,"column":60}},"138":{"start":{"line":633,"column":0},"end":{"line":633,"column":26}}},"fnMap":{"0":{"name":"(anonymous_1)","decl":{"start":{"line":66,"column":11},"end":{"line":66,"column":12}},"loc":{"start":{"line":67,"column":4},"end":{"line":67,"column":66}}},"1":{"name":"(anonymous_2)","decl":{"start":{"line":77,"column":18},"end":{"line":77,"column":19}},"loc":{"start":{"line":78,"column":6},"end":{"line":78,"column":66}}},"2":{"name":"(anonymous_3)","decl":{"start":{"line":97,"column":16},"end":{"line":97,"column":17}},"loc":{"start":{"line":97,"column":28},"end":{"line":97,"column":68}}},"3":{"name":"(anonymous_4)","decl":{"start":{"line":98,"column":16},"end":{"line":98,"column":17}},"loc":{"start":{"line":99,"column":4},"end":{"line":99,"column":59}}},"4":{"name":"(anonymous_5)","decl":{"start":{"line":100,"column":11},"end":{"line":100,"column":12}},"loc":{"start":{"line":101,"column":4},"end":{"line":101,"column":59}}},"5":{"name":"(anonymous_6)","decl":{"start":{"line":103,"column":18},"end":{"line":103,"column":19}},"loc":{"start":{"line":103,"column":30},"end":{"line":103,"column":70}}},"6":{"name":"(anonymous_7)","decl":{"start":{"line":114,"column":11},"end":{"line":114,"column":12}},"loc":{"start":{"line":115,"column":4},"end":{"line":115,"column":69}}},"7":{"name":"(anonymous_8)","decl":{"start":{"line":236,"column":13},"end":{"line":236,"column":14}},"loc":{"start":{"line":236,"column":25},"end":{"line":236,"column":49}}},"8":{"name":"(anonymous_9)","decl":{"start":{"line":237,"column":16},"end":{"line":237,"column":17}},"loc":{"start":{"line":237,"column":28},"end":{"line":237,"column":63}}},"9":{"name":"(anonymous_10)","decl":{"start":{"line":239,"column":20},"end":{"line":239,"column":21}},"loc":{"start":{"line":239,"column":32},"end":{"line":239,"column":60}}},"10":{"name":"(anonymous_11)","decl":{"start":{"line":249,"column":11},"end":{"line":249,"column":12}},"loc":{"start":{"line":249,"column":23},"end":{"line":249,"column":52}}},"11":{"name":"(anonymous_12)","decl":{"start":{"line":255,"column":20},"end":{"line":255,"column":21}},"loc":{"start":{"line":255,"column":32},"end":{"line":255,"column":60}}},"12":{"name":"(anonymous_13)","decl":{"start":{"line":256,"column":16},"end":{"line":256,"column":17}},"loc":{"start":{"line":256,"column":28},"end":{"line":256,"column":63}}},"13":{"name":"(anonymous_14)","decl":{"start":{"line":324,"column":11},"end":{"line":324,"column":12}},"loc":{"start":{"line":325,"column":4},"end":{"line":325,"column":66}}},"14":{"name":"(anonymous_15)","decl":{"start":{"line":335,"column":18},"end":{"line":335,"column":19}},"loc":{"start":{"line":336,"column":6},"end":{"line":336,"column":68}}},"15":{"name":"(anonymous_16)","decl":{"start":{"line":366,"column":19},"end":{"line":366,"column":22}},"loc":{"start":{"line":366,"column":24},"end":{"line":631,"column":1}}},"16":{"name":"(anonymous_17)","decl":{"start":{"line":377,"column":12},"end":{"line":377,"column":15}},"loc":{"start":{"line":377,"column":17},"end":{"line":379,"column":3}}},"17":{"name":"(anonymous_18)","decl":{"start":{"line":381,"column":12},"end":{"line":381,"column":15}},"loc":{"start":{"line":381,"column":17},"end":{"line":413,"column":3}}},"18":{"name":"(anonymous_19)","decl":{"start":{"line":383,"column":31},"end":{"line":383,"column":32}},"loc":{"start":{"line":383,"column":45},"end":{"line":394,"column":7}}},"19":{"name":"(anonymous_20)","decl":{"start":{"line":396,"column":27},"end":{"line":396,"column":28}},"loc":{"start":{"line":396,"column":41},"end":{"line":403,"column":7}}},"20":{"name":"(anonymous_21)","decl":{"start":{"line":400,"column":23},"end":{"line":400,"column":26}},"loc":{"start":{"line":400,"column":29},"end":{"line":400,"column":47}}},"21":{"name":"(anonymous_22)","decl":{"start":{"line":408,"column":13},"end":{"line":408,"column":16}},"loc":{"start":{"line":408,"column":18},"end":{"line":411,"column":7}}},"22":{"name":"(anonymous_23)","decl":{"start":{"line":415,"column":25},"end":{"line":415,"column":28}},"loc":{"start":{"line":415,"column":30},"end":{"line":417,"column":3}}},"23":{"name":"(anonymous_24)","decl":{"start":{"line":419,"column":21},"end":{"line":419,"column":22}},"loc":{"start":{"line":419,"column":42},"end":{"line":439,"column":3}}},"24":{"name":"(anonymous_25)","decl":{"start":{"line":421,"column":15},"end":{"line":421,"column":16}},"loc":{"start":{"line":421,"column":29},"end":{"line":437,"column":7}}},"25":{"name":"(anonymous_26)","decl":{"start":{"line":427,"column":12},"end":{"line":427,"column":13}},"loc":{"start":{"line":427,"column":21},"end":{"line":427,"column":42}}},"26":{"name":"(anonymous_27)","decl":{"start":{"line":441,"column":28},"end":{"line":441,"column":29}},"loc":{"start":{"line":441,"column":45},"end":{"line":465,"column":3}}},"27":{"name":"(anonymous_28)","decl":{"start":{"line":467,"column":23},"end":{"line":467,"column":24}},"loc":{"start":{"line":467,"column":41},"end":{"line":481,"column":3}}},"28":{"name":"(anonymous_29)","decl":{"start":{"line":477,"column":44},"end":{"line":477,"column":47}},"loc":{"start":{"line":477,"column":49},"end":{"line":479,"column":7}}},"29":{"name":"(anonymous_30)","decl":{"start":{"line":483,"column":21},"end":{"line":483,"column":22}},"loc":{"start":{"line":483,"column":43},"end":{"line":490,"column":3}}},"30":{"name":"(anonymous_31)","decl":{"start":{"line":492,"column":21},"end":{"line":492,"column":22}},"loc":{"start":{"line":492,"column":43},"end":{"line":510,"column":3}}},"31":{"name":"(anonymous_32)","decl":{"start":{"line":512,"column":34},"end":{"line":512,"column":37}},"loc":{"start":{"line":512,"column":39},"end":{"line":531,"column":3}}},"32":{"name":"(anonymous_33)","decl":{"start":{"line":514,"column":24},"end":{"line":514,"column":25}},"loc":{"start":{"line":514,"column":36},"end":{"line":530,"column":5}}},"33":{"name":"(anonymous_34)","decl":{"start":{"line":549,"column":29},"end":{"line":549,"column":32}},"loc":{"start":{"line":549,"column":35},"end":{"line":549,"column":56}}},"34":{"name":"(anonymous_35)","decl":{"start":{"line":573,"column":24},"end":{"line":573,"column":25}},"loc":{"start":{"line":573,"column":31},"end":{"line":573,"column":59}}},"35":{"name":"(anonymous_36)","decl":{"start":{"line":591,"column":17},"end":{"line":591,"column":20}},"loc":{"start":{"line":591,"column":23},"end":{"line":591,"column":45}}},"36":{"name":"(anonymous_37)","decl":{"start":{"line":596,"column":32},"end":{"line":596,"column":35}},"loc":{"start":{"line":596,"column":38},"end":{"line":596,"column":60}}}},"branchMap":{"0":{"loc":{"start":{"line":67,"column":4},"end":{"line":67,"column":66}},"type":"cond-expr","locations":[{"start":{"line":67,"column":21},"end":{"line":67,"column":42}},{"start":{"line":67,"column":45},"end":{"line":67,"column":66}}]},"1":{"loc":{"start":{"line":78,"column":6},"end":{"line":78,"column":66}},"type":"cond-expr","locations":[{"start":{"line":78,"column":23},"end":{"line":78,"column":42}},{"start":{"line":78,"column":45},"end":{"line":78,"column":66}}]},"2":{"loc":{"start":{"line":97,"column":28},"end":{"line":97,"column":68}},"type":"cond-expr","locations":[{"start":{"line":97,"column":43},"end":{"line":97,"column":53}},{"start":{"line":97,"column":56},"end":{"line":97,"column":68}}]},"3":{"loc":{"start":{"line":99,"column":4},"end":{"line":99,"column":59}},"type":"cond-expr","locations":[{"start":{"line":99,"column":19},"end":{"line":99,"column":42}},{"start":{"line":99,"column":45},"end":{"line":99,"column":59}}]},"4":{"loc":{"start":{"line":101,"column":4},"end":{"line":101,"column":59}},"type":"cond-expr","locations":[{"start":{"line":101,"column":19},"end":{"line":101,"column":33}},{"start":{"line":101,"column":36},"end":{"line":101,"column":59}}]},"5":{"loc":{"start":{"line":103,"column":30},"end":{"line":103,"column":70}},"type":"cond-expr","locations":[{"start":{"line":103,"column":45},"end":{"line":103,"column":55}},{"start":{"line":103,"column":58},"end":{"line":103,"column":70}}]},"6":{"loc":{"start":{"line":115,"column":4},"end":{"line":115,"column":69}},"type":"cond-expr","locations":[{"start":{"line":115,"column":19},"end":{"line":115,"column":45}},{"start":{"line":115,"column":48},"end":{"line":115,"column":69}}]},"7":{"loc":{"start":{"line":236,"column":25},"end":{"line":236,"column":49}},"type":"cond-expr","locations":[{"start":{"line":236,"column":40},"end":{"line":236,"column":43}},{"start":{"line":236,"column":46},"end":{"line":236,"column":49}}]},"8":{"loc":{"start":{"line":237,"column":28},"end":{"line":237,"column":63}},"type":"cond-expr","locations":[{"start":{"line":237,"column":43},"end":{"line":237,"column":52}},{"start":{"line":237,"column":55},"end":{"line":237,"column":63}}]},"9":{"loc":{"start":{"line":239,"column":32},"end":{"line":239,"column":60}},"type":"cond-expr","locations":[{"start":{"line":239,"column":47},"end":{"line":239,"column":51}},{"start":{"line":239,"column":54},"end":{"line":239,"column":60}}]},"10":{"loc":{"start":{"line":249,"column":23},"end":{"line":249,"column":52}},"type":"cond-expr","locations":[{"start":{"line":249,"column":38},"end":{"line":249,"column":41}},{"start":{"line":249,"column":44},"end":{"line":249,"column":52}}]},"11":{"loc":{"start":{"line":255,"column":32},"end":{"line":255,"column":60}},"type":"cond-expr","locations":[{"start":{"line":255,"column":47},"end":{"line":255,"column":51}},{"start":{"line":255,"column":54},"end":{"line":255,"column":60}}]},"12":{"loc":{"start":{"line":256,"column":28},"end":{"line":256,"column":63}},"type":"cond-expr","locations":[{"start":{"line":256,"column":43},"end":{"line":256,"column":52}},{"start":{"line":256,"column":55},"end":{"line":256,"column":63}}]},"13":{"loc":{"start":{"line":325,"column":4},"end":{"line":325,"column":66}},"type":"cond-expr","locations":[{"start":{"line":325,"column":21},"end":{"line":325,"column":42}},{"start":{"line":325,"column":45},"end":{"line":325,"column":66}}]},"14":{"loc":{"start":{"line":336,"column":6},"end":{"line":336,"column":68}},"type":"cond-expr","locations":[{"start":{"line":336,"column":23},"end":{"line":336,"column":44}},{"start":{"line":336,"column":47},"end":{"line":336,"column":68}}]},"15":{"loc":{"start":{"line":374,"column":21},"end":{"line":374,"column":75}},"type":"cond-expr","locations":[{"start":{"line":374,"column":34},"end":{"line":374,"column":68}},{"start":{"line":374,"column":71},"end":{"line":374,"column":75}}]},"16":{"loc":{"start":{"line":374,"column":34},"end":{"line":374,"column":68}},"type":"cond-expr","locations":[{"start":{"line":374,"column":55},"end":{"line":374,"column":57}},{"start":{"line":374,"column":55},"end":{"line":374,"column":68}}]},"17":{"loc":{"start":{"line":374,"column":34},"end":{"line":374,"column":57}},"type":"binary-expr","locations":[{"start":{"line":374,"column":34},"end":{"line":374,"column":57}},{"start":{"line":374,"column":55},"end":{"line":374,"column":57}}]},"18":{"loc":{"start":{"line":375,"column":19},"end":{"line":375,"column":74}},"type":"cond-expr","locations":[{"start":{"line":375,"column":32},"end":{"line":375,"column":69}},{"start":{"line":375,"column":72},"end":{"line":375,"column":74}}]},"19":{"loc":{"start":{"line":375,"column":32},"end":{"line":375,"column":69}},"type":"binary-expr","locations":[{"start":{"line":375,"column":32},"end":{"line":375,"column":63}},{"start":{"line":375,"column":67},"end":{"line":375,"column":69}}]},"20":{"loc":{"start":{"line":375,"column":32},"end":{"line":375,"column":63}},"type":"cond-expr","locations":[{"start":{"line":375,"column":53},"end":{"line":375,"column":55}},{"start":{"line":375,"column":53},"end":{"line":375,"column":63}}]},"21":{"loc":{"start":{"line":375,"column":32},"end":{"line":375,"column":55}},"type":"binary-expr","locations":[{"start":{"line":375,"column":32},"end":{"line":375,"column":55}},{"start":{"line":375,"column":53},"end":{"line":375,"column":55}}]},"22":{"loc":{"start":{"line":382,"column":4},"end":{"line":412,"column":5}},"type":"if","locations":[{"start":{"line":382,"column":4},"end":{"line":412,"column":5}}]},"23":{"loc":{"start":{"line":382,"column":8},"end":{"line":382,"column":26}},"type":"binary-expr","locations":[{"start":{"line":382,"column":8},"end":{"line":382,"column":18}},{"start":{"line":382,"column":22},"end":{"line":382,"column":26}}]},"24":{"loc":{"start":{"line":384,"column":8},"end":{"line":393,"column":9}},"type":"if","locations":[{"start":{"line":384,"column":8},"end":{"line":393,"column":9}}]},"25":{"loc":{"start":{"line":397,"column":8},"end":{"line":402,"column":9}},"type":"if","locations":[{"start":{"line":397,"column":8},"end":{"line":402,"column":9}}]},"26":{"loc":{"start":{"line":399,"column":10},"end":{"line":401,"column":11}},"type":"if","locations":[{"start":{"line":399,"column":10},"end":{"line":401,"column":11}}]},"27":{"loc":{"start":{"line":416,"column":4},"end":{"line":416,"column":66}},"type":"cond-expr","locations":[{"start":{"line":416,"column":26},"end":{"line":416,"column":28}},{"start":{"line":416,"column":26},"end":{"line":416,"column":66}}]},"28":{"loc":{"start":{"line":416,"column":4},"end":{"line":416,"column":28}},"type":"binary-expr","locations":[{"start":{"line":416,"column":4},"end":{"line":416,"column":28}},{"start":{"line":416,"column":26},"end":{"line":416,"column":28}}]},"29":{"loc":{"start":{"line":420,"column":4},"end":{"line":438,"column":5}},"type":"if","locations":[{"start":{"line":420,"column":4},"end":{"line":438,"column":5}}]},"30":{"loc":{"start":{"line":424,"column":8},"end":{"line":435,"column":9}},"type":"if","locations":[{"start":{"line":424,"column":8},"end":{"line":435,"column":9}}]},"31":{"loc":{"start":{"line":429,"column":10},"end":{"line":434,"column":11}},"type":"if","locations":[{"start":{"line":429,"column":10},"end":{"line":434,"column":11}}]},"32":{"loc":{"start":{"line":444,"column":4},"end":{"line":444,"column":61}},"type":"if","locations":[{"start":{"line":444,"column":4},"end":{"line":444,"column":61}}]},"33":{"loc":{"start":{"line":444,"column":8},"end":{"line":444,"column":52}},"type":"binary-expr","locations":[{"start":{"line":444,"column":8},"end":{"line":444,"column":28}},{"start":{"line":444,"column":32},"end":{"line":444,"column":43}},{"start":{"line":444,"column":47},"end":{"line":444,"column":52}}]},"34":{"loc":{"start":{"line":470,"column":4},"end":{"line":480,"column":5}},"type":"if","locations":[{"start":{"line":470,"column":4},"end":{"line":480,"column":5}}]},"35":{"loc":{"start":{"line":470,"column":8},"end":{"line":470,"column":26}},"type":"binary-expr","locations":[{"start":{"line":470,"column":8},"end":{"line":470,"column":18}},{"start":{"line":470,"column":22},"end":{"line":470,"column":26}}]},"36":{"loc":{"start":{"line":473,"column":6},"end":{"line":475,"column":7}},"type":"if","locations":[{"start":{"line":473,"column":6},"end":{"line":475,"column":7}}]},"37":{"loc":{"start":{"line":498,"column":4},"end":{"line":509,"column":5}},"type":"if","locations":[{"start":{"line":498,"column":4},"end":{"line":509,"column":5}},{"start":{"line":500,"column":11},"end":{"line":509,"column":5}}]},"38":{"loc":{"start":{"line":500,"column":11},"end":{"line":509,"column":5}},"type":"if","locations":[{"start":{"line":500,"column":11},"end":{"line":509,"column":5}},{"start":{"line":502,"column":11},"end":{"line":509,"column":5}}]},"39":{"loc":{"start":{"line":507,"column":10},"end":{"line":507,"column":76}},"type":"cond-expr","locations":[{"start":{"line":507,"column":55},"end":{"line":507,"column":64}},{"start":{"line":507,"column":67},"end":{"line":507,"column":76}}]},"40":{"loc":{"start":{"line":521,"column":11},"end":{"line":521,"column":67}},"type":"binary-expr","locations":[{"start":{"line":521,"column":11},"end":{"line":521,"column":19}},{"start":{"line":521,"column":23},"end":{"line":521,"column":67}}]},"41":{"loc":{"start":{"line":522,"column":50},"end":{"line":522,"column":58}},"type":"cond-expr","locations":[{"start":{"line":522,"column":54},"end":{"line":522,"column":56}},{"start":{"line":522,"column":50},"end":{"line":522,"column":58}}]},"42":{"loc":{"start":{"line":522,"column":50},"end":{"line":522,"column":56}},"type":"binary-expr","locations":[{"start":{"line":522,"column":50},"end":{"line":522,"column":56}},{"start":{"line":522,"column":50},"end":{"line":522,"column":56}}]},"43":{"loc":{"start":{"line":524,"column":50},"end":{"line":524,"column":58}},"type":"cond-expr","locations":[{"start":{"line":524,"column":54},"end":{"line":524,"column":56}},{"start":{"line":524,"column":50},"end":{"line":524,"column":58}}]},"44":{"loc":{"start":{"line":524,"column":50},"end":{"line":524,"column":56}},"type":"binary-expr","locations":[{"start":{"line":524,"column":50},"end":{"line":524,"column":56}},{"start":{"line":524,"column":50},"end":{"line":524,"column":56}}]},"45":{"loc":{"start":{"line":533,"column":2},"end":{"line":544,"column":3}},"type":"if","locations":[{"start":{"line":533,"column":2},"end":{"line":544,"column":3}}]},"46":{"loc":{"start":{"line":533,"column":6},"end":{"line":533,"column":32}},"type":"binary-expr","locations":[{"start":{"line":533,"column":6},"end":{"line":533,"column":17}},{"start":{"line":533,"column":21},"end":{"line":533,"column":32}}]},"47":{"loc":{"start":{"line":548,"column":30},"end":{"line":548,"column":63}},"type":"cond-expr","locations":[{"start":{"line":548,"column":45},"end":{"line":548,"column":58}},{"start":{"line":548,"column":61},"end":{"line":548,"column":63}}]},"48":{"loc":{"start":{"line":554,"column":15},"end":{"line":554,"column":57}},"type":"cond-expr","locations":[{"start":{"line":554,"column":37},"end":{"line":554,"column":45}},{"start":{"line":554,"column":48},"end":{"line":554,"column":57}}]},"49":{"loc":{"start":{"line":561,"column":11},"end":{"line":562,"column":null}},"type":"binary-expr","locations":[{"start":{"line":561,"column":11},"end":{"line":561,"column":19}},{"start":{"line":562,"column":12},"end":{"line":562,"column":77}}]},"50":{"loc":{"start":{"line":618,"column":28},"end":{"line":618,"column":63}},"type":"binary-expr","locations":[{"start":{"line":618,"column":28},"end":{"line":618,"column":45}},{"start":{"line":618,"column":49},"end":{"line":618,"column":63}}]},"51":{"loc":{"start":{"line":622,"column":15},"end":{"line":622,"column":57}},"type":"cond-expr","locations":[{"start":{"line":622,"column":37},"end":{"line":622,"column":45}},{"start":{"line":622,"column":48},"end":{"line":622,"column":57}}]}},"s":{"0":0,"1":0,"2":0,"3":0,"4":0,"5":0,"6":0,"7":0,"8":0,"9":0,"10":0,"11":0,"12":0,"13":0,"14":0,"15":0,"16":0,"17":0,"18":0,"19":0,"20":0,"21":0,"22":0,"23":0,"24":0,"25":0,"26":0,"27":0,"28":0,"29":0,"30":0,"31":0,"32":0,"33":0,"34":0,"35":0,"36":0,"37":0,"38":0,"39":0,"40":0,"41":0,"42":0,"43":0,"44":0,"45":0,"46":0,"47":0,"48":0,"49":0,"50":0,"51":0,"52":0,"53":0,"54":0,"55":0,"56":0,"57":0,"58":0,"59":0,"60":0,"61":0,"62":0,"63":0,"64":0,"65":0,"66":0,"67":0,"68":0,"69":0,"70":0,"71":0,"72":0,"73":0,"74":0,"75":0,"76":0,"77":0,"78":0,"79":0,"80":0,"81":0,"82":0,"83":0,"84":0,"85":0,"86":0,"87":0,"88":0,"89":0,"90":0,"91":0,"92":0,"93":0,"94":0,"95":0,"96":0,"97":0,"98":0,"99":0,"100":0,"101":0,"102":0,"103":0,"104":0,"105":0,"106":0,"107":0,"108":0,"109":0,"110":0,"111":0,"112":0,"113":0,"114":0,"115":0,"116":0,"117":0,"118":0,"119":0,"120":0,"121":0,"122":0,"123":0,"124":0,"125":0,"126":0,"127":0,"128":0,"129":0,"130":0,"131":0,"132":0,"133":0,"134":0,"135":0,"136":0,"137":0,"138":0},"f":{"0":0,"1":0,"2":0,"3":0,"4":0,"5":0,"6":0,"7":0,"8":0,"9":0,"10":0,"11":0,"12":0,"13":0,"14":0,"15":0,"16":0,"17":0,"18":0,"19":0,"20":0,"21":0,"22":0,"23":0,"24":0,"25":0,"26":0,"27":0,"28":0,"29":0,"30":0,"31":0,"32":0,"33":0,"34":0,"35":0,"36":0},"b":{"0":[0,0],"1":[0,0],"2":[0,0],"3":[0,0],"4":[0,0],"5":[0,0],"6":[0,0],"7":[0,0],"8":[0,0],"9":[0,0],"10":[0,0],"11":[0,0],"12":[0,0],"13":[0,0],"14":[0,0],"15":[0,0],"16":[0,0],"17":[0,0],"18":[0,0],"19":[0,0],"20":[0,0],"21":[0,0],"22":[0],"23":[0,0],"24":[0],"25":[0],"26":[0],"27":[0,0],"28":[0,0],"29":[0],"30":[0],"31":[0],"32":[0],"33":[0,0,0],"34":[0],"35":[0,0],"36":[0],"37":[0,0],"38":[0,0],"39":[0,0],"40":[0,0],"41":[0,0],"42":[0,0],"43":[0,0],"44":[0,0],"45":[0],"46":[0,0],"47":[0,0],"48":[0,0],"49":[0,0],"50":[0,0],"51":[0,0]}}
,"C:\\Users\\muhav\\Documents\\Projects\\p-p-chat\\src\\components\\chats-list\\index.tsx": {"path":"C:\\Users\\muhav\\Documents\\Projects\\p-p-chat\\src\\components\\chats-list\\index.tsx","statementMap":{"0":{"start":{"line":1,"column":0},"end":{"line":1,"column":39}},"1":{"start":{"line":2,"column":0},"end":{"line":2,"column":64}},"2":{"start":{"line":3,"column":0},"end":{"line":3,"column":47}},"3":{"start":{"line":4,"column":0},"end":{"line":4,"column":55}},"4":{"start":{"line":5,"column":0},"end":{"line":5,"column":65}},"5":{"start":{"line":6,"column":0},"end":{"line":6,"column":45}},"6":{"start":{"line":7,"column":0},"end":{"line":7,"column":53}},"7":{"start":{"line":8,"column":0},"end":{"line":8,"column":36}},"8":{"start":{"line":11,"column":24},"end":{"line":19,"column":2}},"9":{"start":{"line":21,"column":15},"end":{"line":23,"column":2}},"10":{"start":{"line":25,"column":17},"end":{"line":31,"column":2}},"11":{"start":{"line":33,"column":22},"end":{"line":46,"column":2}},"12":{"start":{"line":48,"column":15},"end":{"line":53,"column":2}},"13":{"start":{"line":55,"column":17},"end":{"line":59,"column":2}},"14":{"start":{"line":61,"column":24},"end":{"line":73,"column":2}},"15":{"start":{"line":62,"column":25},"end":{"line":62,"column":54}},"16":{"start":{"line":75,"column":21},"end":{"line":93,"column":2}},"17":{"start":{"line":95,"column":21},"end":{"line":102,"column":2}},"18":{"start":{"line":104,"column":24},"end":{"line":119,"column":2}},"19":{"start":{"line":121,"column":20},"end":{"line":134,"column":2}},"20":{"start":{"line":136,"column":22},"end":{"line":149,"column":2}},"21":{"start":{"line":151,"column":25},"end":{"line":162,"column":2}},"22":{"start":{"line":164,"column":20},"end":{"line":174,"column":2}},"23":{"start":{"line":169,"column":4},"end":{"line":169,"column":64}},"24":{"start":{"line":176,"column":22},"end":{"line":179,"column":2}},"25":{"start":{"line":181,"column":23},"end":{"line":184,"column":2}},"26":{"start":{"line":186,"column":17},"end":{"line":199,"column":2}},"27":{"start":{"line":192,"column":28},"end":{"line":192,"column":73}},"28":{"start":{"line":201,"column":17},"end":{"line":204,"column":2}},"29":{"start":{"line":206,"column":17},"end":{"line":214,"column":2}},"30":{"start":{"line":216,"column":20},"end":{"line":222,"column":2}},"31":{"start":{"line":224,"column":20},"end":{"line":233,"column":2}},"32":{"start":{"line":235,"column":19},"end":{"line":240,"column":2}},"33":{"start":{"line":242,"column":18},"end":{"line":491,"column":1}},"34":{"start":{"line":244,"column":4},"end":{"line":244,"column":26}},"35":{"start":{"line":245,"column":19},"end":{"line":245,"column":32}},"36":{"start":{"line":246,"column":40},"end":{"line":246,"column":52}},"37":{"start":{"line":247,"column":44},"end":{"line":247,"column":68}},"38":{"start":{"line":248,"column":36},"end":{"line":248,"column":51}},"39":{"start":{"line":249,"column":48},"end":{"line":249,"column":63}},"40":{"start":{"line":250,"column":21},"end":{"line":250,"column":49}},"41":{"start":{"line":251,"column":27},"end":{"line":251,"column":62}},"42":{"start":{"line":254,"column":2},"end":{"line":268,"column":9}},"43":{"start":{"line":255,"column":31},"end":{"line":262,"column":5}},"44":{"start":{"line":256,"column":6},"end":{"line":261,"column":7}},"45":{"start":{"line":260,"column":8},"end":{"line":260,"column":34}},"46":{"start":{"line":264,"column":4},"end":{"line":264,"column":63}},"47":{"start":{"line":265,"column":4},"end":{"line":267,"column":6}},"48":{"start":{"line":266,"column":6},"end":{"line":266,"column":68}},"49":{"start":{"line":270,"column":23},"end":{"line":293,"column":3}},"50":{"start":{"line":272,"column":4},"end":{"line":272,"column":27}},"51":{"start":{"line":275,"column":4},"end":{"line":275,"column":37}},"52":{"start":{"line":276,"column":4},"end":{"line":276,"column":43}},"53":{"start":{"line":277,"column":4},"end":{"line":277,"column":42}},"54":{"start":{"line":281,"column":4},"end":{"line":281,"column":54}},"55":{"start":{"line":284,"column":4},"end":{"line":284,"column":18}},"56":{"start":{"line":285,"column":4},"end":{"line":285,"column":24}},"57":{"start":{"line":286,"column":4},"end":{"line":286,"column":24}},"58":{"start":{"line":289,"column":4},"end":{"line":289,"column":45}},"59":{"start":{"line":292,"column":4},"end":{"line":292,"column":27}},"60":{"start":{"line":295,"column":23},"end":{"line":339,"column":4}},"61":{"start":{"line":295,"column":47},"end":{"line":339,"column":4}},"62":{"start":{"line":296,"column":4},"end":{"line":296,"column":26}},"63":{"start":{"line":299,"column":4},"end":{"line":301,"column":5}},"64":{"start":{"line":300,"column":6},"end":{"line":300,"column":45}},"65":{"start":{"line":304,"column":4},"end":{"line":308,"column":5}},"66":{"start":{"line":305,"column":6},"end":{"line":305,"column":27}},"67":{"start":{"line":306,"column":6},"end":{"line":306,"column":26}},"68":{"start":{"line":307,"column":6},"end":{"line":307,"column":13}},"69":{"start":{"line":311,"column":4},"end":{"line":311,"column":23}},"70":{"start":{"line":314,"column":4},"end":{"line":338,"column":12}},"71":{"start":{"line":314,"column":53},"end":{"line":338,"column":7}},"72":{"start":{"line":315,"column":6},"end":{"line":337,"column":7}},"73":{"start":{"line":316,"column":8},"end":{"line":316,"column":44}},"74":{"start":{"line":317,"column":8},"end":{"line":317,"column":52}},"75":{"start":{"line":318,"column":8},"end":{"line":318,"column":41}},"76":{"start":{"line":320,"column":25},"end":{"line":320,"column":64}},"77":{"start":{"line":322,"column":8},"end":{"line":322,"column":50}},"78":{"start":{"line":323,"column":8},"end":{"line":323,"column":74}},"79":{"start":{"line":324,"column":8},"end":{"line":324,"column":55}},"80":{"start":{"line":326,"column":8},"end":{"line":326,"column":47}},"81":{"start":{"line":328,"column":8},"end":{"line":328,"column":46}},"82":{"start":{"line":329,"column":8},"end":{"line":329,"column":47}},"83":{"start":{"line":330,"column":8},"end":{"line":330,"column":63}},"84":{"start":{"line":331,"column":8},"end":{"line":333,"column":10}},"85":{"start":{"line":334,"column":8},"end":{"line":334,"column":29}},"86":{"start":{"line":336,"column":8},"end":{"line":336,"column":28}},"87":{"start":{"line":342,"column":2},"end":{"line":348,"column":9}},"88":{"start":{"line":343,"column":4},"end":{"line":347,"column":6}},"89":{"start":{"line":344,"column":6},"end":{"line":346,"column":7}},"90":{"start":{"line":345,"column":8},"end":{"line":345,"column":47}},"91":{"start":{"line":350,"column":27},"end":{"line":373,"column":3}},"92":{"start":{"line":352,"column":4},"end":{"line":368,"column":5}},"93":{"start":{"line":354,"column":28},"end":{"line":361,"column":8}},"94":{"start":{"line":363,"column":6},"end":{"line":367,"column":9}},"95":{"start":{"line":364,"column":25},"end":{"line":364,"column":43}},"96":{"start":{"line":365,"column":8},"end":{"line":365,"column":47}},"97":{"start":{"line":366,"column":8},"end":{"line":366,"column":24}},"98":{"start":{"line":370,"column":4},"end":{"line":370,"column":35}},"99":{"start":{"line":371,"column":4},"end":{"line":371,"column":23}},"100":{"start":{"line":372,"column":4},"end":{"line":372,"column":25}},"101":{"start":{"line":376,"column":20},"end":{"line":380,"column":4}},"102":{"start":{"line":377,"column":18},"end":{"line":377,"column":67}},"103":{"start":{"line":378,"column":18},"end":{"line":378,"column":67}},"104":{"start":{"line":379,"column":4},"end":{"line":379,"column":25}},"105":{"start":{"line":382,"column":2},"end":{"line":490,"column":4}},"106":{"start":{"line":386,"column":40},"end":{"line":386,"column":76}},"107":{"start":{"line":412,"column":29},"end":{"line":412,"column":57}},"108":{"start":{"line":425,"column":18},"end":{"line":426,"column":null}},"109":{"start":{"line":427,"column":35},"end":{"line":427,"column":63}},"110":{"start":{"line":464,"column":12},"end":{"line":465,"column":null}},"111":{"start":{"line":467,"column":29},"end":{"line":467,"column":51}},"112":{"start":{"line":493,"column":0},"end":{"line":493,"column":25}}},"fnMap":{"0":{"name":"(anonymous_8)","decl":{"start":{"line":62,"column":13},"end":{"line":62,"column":14}},"loc":{"start":{"line":62,"column":25},"end":{"line":62,"column":54}}},"1":{"name":"(anonymous_9)","decl":{"start":{"line":168,"column":16},"end":{"line":168,"column":17}},"loc":{"start":{"line":169,"column":4},"end":{"line":169,"column":64}}},"2":{"name":"(anonymous_10)","decl":{"start":{"line":192,"column":16},"end":{"line":192,"column":17}},"loc":{"start":{"line":192,"column":28},"end":{"line":192,"column":73}}},"3":{"name":"(anonymous_11)","decl":{"start":{"line":242,"column":18},"end":{"line":242,"column":21}},"loc":{"start":{"line":242,"column":23},"end":{"line":491,"column":1}}},"4":{"name":"(anonymous_12)","decl":{"start":{"line":254,"column":12},"end":{"line":254,"column":15}},"loc":{"start":{"line":254,"column":17},"end":{"line":268,"column":3}}},"5":{"name":"(anonymous_13)","decl":{"start":{"line":255,"column":31},"end":{"line":255,"column":32}},"loc":{"start":{"line":255,"column":53},"end":{"line":262,"column":5}}},"6":{"name":"(anonymous_14)","decl":{"start":{"line":265,"column":11},"end":{"line":265,"column":14}},"loc":{"start":{"line":265,"column":16},"end":{"line":267,"column":5}}},"7":{"name":"(anonymous_15)","decl":{"start":{"line":270,"column":23},"end":{"line":270,"column":26}},"loc":{"start":{"line":270,"column":28},"end":{"line":293,"column":3}}},"8":{"name":"(anonymous_16)","decl":{"start":{"line":295,"column":23},"end":{"line":295,"column":30}},"loc":{"start":{"line":295,"column":47},"end":{"line":339,"column":4}}},"9":{"name":"(anonymous_17)","decl":{"start":{"line":295,"column":47},"end":{"line":295,"column":null}},"loc":{"start":{"line":295,"column":47},"end":{"line":339,"column":3}}},"10":{"name":"(anonymous_18)","decl":{"start":{"line":314,"column":42},"end":{"line":314,"column":51}},"loc":{"start":{"line":314,"column":53},"end":{"line":338,"column":7}}},"11":{"name":"(anonymous_19)","decl":{"start":{"line":314,"column":53},"end":{"line":314,"column":null}},"loc":{"start":{"line":314,"column":53},"end":{"line":338,"column":5}}},"12":{"name":"(anonymous_20)","decl":{"start":{"line":342,"column":12},"end":{"line":342,"column":15}},"loc":{"start":{"line":342,"column":17},"end":{"line":348,"column":3}}},"13":{"name":"(anonymous_21)","decl":{"start":{"line":343,"column":11},"end":{"line":343,"column":14}},"loc":{"start":{"line":343,"column":16},"end":{"line":347,"column":5}}},"14":{"name":"(anonymous_22)","decl":{"start":{"line":350,"column":27},"end":{"line":350,"column":28}},"loc":{"start":{"line":350,"column":54},"end":{"line":373,"column":3}}},"15":{"name":"(anonymous_23)","decl":{"start":{"line":363,"column":15},"end":{"line":363,"column":16}},"loc":{"start":{"line":363,"column":29},"end":{"line":367,"column":7}}},"16":{"name":"(anonymous_24)","decl":{"start":{"line":376,"column":52},"end":{"line":376,"column":53}},"loc":{"start":{"line":376,"column":61},"end":{"line":380,"column":3}}},"17":{"name":"(anonymous_25)","decl":{"start":{"line":386,"column":34},"end":{"line":386,"column":37}},"loc":{"start":{"line":386,"column":40},"end":{"line":386,"column":76}}},"18":{"name":"(anonymous_26)","decl":{"start":{"line":412,"column":22},"end":{"line":412,"column":23}},"loc":{"start":{"line":412,"column":29},"end":{"line":412,"column":57}}},"19":{"name":"(anonymous_27)","decl":{"start":{"line":424,"column":34},"end":{"line":424,"column":35}},"loc":{"start":{"line":425,"column":18},"end":{"line":426,"column":null}}},"20":{"name":"(anonymous_28)","decl":{"start":{"line":427,"column":29},"end":{"line":427,"column":32}},"loc":{"start":{"line":427,"column":35},"end":{"line":427,"column":63}}},"21":{"name":"(anonymous_29)","decl":{"start":{"line":463,"column":24},"end":{"line":463,"column":25}},"loc":{"start":{"line":464,"column":12},"end":{"line":465,"column":null}}},"22":{"name":"(anonymous_30)","decl":{"start":{"line":467,"column":23},"end":{"line":467,"column":26}},"loc":{"start":{"line":467,"column":29},"end":{"line":467,"column":51}}}},"branchMap":{"0":{"loc":{"start":{"line":62,"column":25},"end":{"line":62,"column":54}},"type":"cond-expr","locations":[{"start":{"line":62,"column":38},"end":{"line":62,"column":45}},{"start":{"line":62,"column":48},"end":{"line":62,"column":54}}]},"1":{"loc":{"start":{"line":169,"column":4},"end":{"line":169,"column":64}},"type":"cond-expr","locations":[{"start":{"line":169,"column":21},"end":{"line":169,"column":40}},{"start":{"line":169,"column":43},"end":{"line":169,"column":64}}]},"2":{"loc":{"start":{"line":192,"column":28},"end":{"line":192,"column":73}},"type":"cond-expr","locations":[{"start":{"line":192,"column":43},"end":{"line":192,"column":57}},{"start":{"line":192,"column":60},"end":{"line":192,"column":73}}]},"3":{"loc":{"start":{"line":256,"column":6},"end":{"line":261,"column":7}},"type":"if","locations":[{"start":{"line":256,"column":6},"end":{"line":261,"column":7}}]},"4":{"loc":{"start":{"line":257,"column":8},"end":{"line":258,"column":58}},"type":"binary-expr","locations":[{"start":{"line":257,"column":8},"end":{"line":257,"column":26}},{"start":{"line":258,"column":8},"end":{"line":258,"column":58}}]},"5":{"loc":{"start":{"line":299,"column":4},"end":{"line":301,"column":5}},"type":"if","locations":[{"start":{"line":299,"column":4},"end":{"line":301,"column":5}}]},"6":{"loc":{"start":{"line":304,"column":4},"end":{"line":308,"column":5}},"type":"if","locations":[{"start":{"line":304,"column":4},"end":{"line":308,"column":5}}]},"7":{"loc":{"start":{"line":323,"column":45},"end":{"line":323,"column":72}},"type":"binary-expr","locations":[{"start":{"line":323,"column":45},"end":{"line":323,"column":67}},{"start":{"line":323,"column":71},"end":{"line":323,"column":72}}]},"8":{"loc":{"start":{"line":323,"column":45},"end":{"line":323,"column":67}},"type":"cond-expr","locations":[{"start":{"line":323,"column":59},"end":{"line":323,"column":61}},{"start":{"line":323,"column":59},"end":{"line":323,"column":67}}]},"9":{"loc":{"start":{"line":323,"column":45},"end":{"line":323,"column":61}},"type":"binary-expr","locations":[{"start":{"line":323,"column":45},"end":{"line":323,"column":61}},{"start":{"line":323,"column":59},"end":{"line":323,"column":61}}]},"10":{"loc":{"start":{"line":326,"column":25},"end":{"line":326,"column":45}},"type":"binary-expr","locations":[{"start":{"line":326,"column":25},"end":{"line":326,"column":39}},{"start":{"line":326,"column":43},"end":{"line":326,"column":45}}]},"11":{"loc":{"start":{"line":330,"column":41},"end":{"line":330,"column":61}},"type":"cond-expr","locations":[{"start":{"line":330,"column":55},"end":{"line":330,"column":57}},{"start":{"line":330,"column":55},"end":{"line":330,"column":61}}]},"12":{"loc":{"start":{"line":330,"column":41},"end":{"line":330,"column":57}},"type":"binary-expr","locations":[{"start":{"line":330,"column":41},"end":{"line":330,"column":57}},{"start":{"line":330,"column":55},"end":{"line":330,"column":57}}]},"13":{"loc":{"start":{"line":332,"column":31},"end":{"line":332,"column":75}},"type":"binary-expr","locations":[{"start":{"line":332,"column":31},"end":{"line":332,"column":58}},{"start":{"line":332,"column":62},"end":{"line":332,"column":75}}]},"14":{"loc":{"start":{"line":332,"column":31},"end":{"line":332,"column":58}},"type":"cond-expr","locations":[{"start":{"line":332,"column":51},"end":{"line":332,"column":53}},{"start":{"line":332,"column":51},"end":{"line":332,"column":58}}]},"15":{"loc":{"start":{"line":332,"column":31},"end":{"line":332,"column":53}},"type":"binary-expr","locations":[{"start":{"line":332,"column":31},"end":{"line":332,"column":53}},{"start":{"line":332,"column":51},"end":{"line":332,"column":53}}]},"16":{"loc":{"start":{"line":332,"column":31},"end":{"line":332,"column":51}},"type":"cond-expr","locations":[{"start":{"line":332,"column":45},"end":{"line":332,"column":47}},{"start":{"line":332,"column":45},"end":{"line":332,"column":51}}]},"17":{"loc":{"start":{"line":332,"column":31},"end":{"line":332,"column":47}},"type":"binary-expr","locations":[{"start":{"line":332,"column":31},"end":{"line":332,"column":47}},{"start":{"line":332,"column":45},"end":{"line":332,"column":47}}]},"18":{"loc":{"start":{"line":344,"column":6},"end":{"line":346,"column":7}},"type":"if","locations":[{"start":{"line":344,"column":6},"end":{"line":346,"column":7}}]},"19":{"loc":{"start":{"line":352,"column":4},"end":{"line":368,"column":5}},"type":"if","locations":[{"start":{"line":352,"column":4},"end":{"line":368,"column":5}}]},"20":{"loc":{"start":{"line":377,"column":18},"end":{"line":377,"column":67}},"type":"cond-expr","locations":[{"start":{"line":377,"column":32},"end":{"line":377,"column":63}},{"start":{"line":377,"column":66},"end":{"line":377,"column":67}}]},"21":{"loc":{"start":{"line":378,"column":18},"end":{"line":378,"column":67}},"type":"cond-expr","locations":[{"start":{"line":378,"column":32},"end":{"line":378,"column":63}},{"start":{"line":378,"column":66},"end":{"line":378,"column":67}}]},"22":{"loc":{"start":{"line":388,"column":27},"end":{"line":388,"column":42}},"type":"cond-expr","locations":[{"start":{"line":388,"column":31},"end":{"line":388,"column":33}},{"start":{"line":388,"column":27},"end":{"line":388,"column":42}}]},"23":{"loc":{"start":{"line":388,"column":27},"end":{"line":388,"column":33}},"type":"binary-expr","locations":[{"start":{"line":388,"column":27},"end":{"line":388,"column":33}},{"start":{"line":388,"column":27},"end":{"line":388,"column":33}}]},"24":{"loc":{"start":{"line":388,"column":49},"end":{"line":388,"column":59}},"type":"cond-expr","locations":[{"start":{"line":388,"column":53},"end":{"line":388,"column":55}},{"start":{"line":388,"column":49},"end":{"line":388,"column":59}}]},"25":{"loc":{"start":{"line":388,"column":49},"end":{"line":388,"column":55}},"type":"binary-expr","locations":[{"start":{"line":388,"column":49},"end":{"line":388,"column":55}},{"start":{"line":388,"column":49},"end":{"line":388,"column":55}}]},"26":{"loc":{"start":{"line":391,"column":23},"end":{"line":391,"column":33}},"type":"cond-expr","locations":[{"start":{"line":391,"column":27},"end":{"line":391,"column":29}},{"start":{"line":391,"column":23},"end":{"line":391,"column":33}}]},"27":{"loc":{"start":{"line":391,"column":23},"end":{"line":391,"column":29}},"type":"binary-expr","locations":[{"start":{"line":391,"column":23},"end":{"line":391,"column":29}},{"start":{"line":391,"column":23},"end":{"line":391,"column":29}}]},"28":{"loc":{"start":{"line":415,"column":11},"end":{"line":452,"column":null}},"type":"binary-expr","locations":[{"start":{"line":415,"column":11},"end":{"line":415,"column":40}},{"start":{"line":416,"column":12},"end":{"line":451,"column":null}}]},"29":{"loc":{"start":{"line":417,"column":15},"end":{"line":450,"column":null}},"type":"cond-expr","locations":[{"start":{"line":418,"column":16},"end":{"line":421,"column":null}},{"start":{"line":423,"column":18},"end":{"line":450,"column":null}}]},"30":{"loc":{"start":{"line":423,"column":18},"end":{"line":450,"column":null}},"type":"cond-expr","locations":[{"start":{"line":424,"column":16},"end":{"line":441,"column":18}},{"start":{"line":443,"column":16},"end":{"line":449,"column":null}}]},"31":{"loc":{"start":{"line":458,"column":9},"end":{"line":486,"column":null}},"type":"cond-expr","locations":[{"start":{"line":459,"column":10},"end":{"line":459,"column":null}},{"start":{"line":463,"column":10},"end":{"line":486,"column":12}}]},"32":{"loc":{"start":{"line":479,"column":19},"end":{"line":479,"column":56}},"type":"binary-expr","locations":[{"start":{"line":479,"column":19},"end":{"line":479,"column":35}},{"start":{"line":479,"column":39},"end":{"line":479,"column":56}}]},"33":{"loc":{"start":{"line":482,"column":15},"end":{"line":483,"column":null}},"type":"binary-expr","locations":[{"start":{"line":482,"column":15},"end":{"line":482,"column":35}},{"start":{"line":483,"column":16},"end":{"line":483,"column":61}}]}},"s":{"0":0,"1":0,"2":0,"3":0,"4":0,"5":0,"6":0,"7":0,"8":0,"9":0,"10":0,"11":0,"12":0,"13":0,"14":0,"15":0,"16":0,"17":0,"18":0,"19":0,"20":0,"21":0,"22":0,"23":0,"24":0,"25":0,"26":0,"27":0,"28":0,"29":0,"30":0,"31":0,"32":0,"33":0,"34":0,"35":0,"36":0,"37":0,"38":0,"39":0,"40":0,"41":0,"42":0,"43":0,"44":0,"45":0,"46":0,"47":0,"48":0,"49":0,"50":0,"51":0,"52":0,"53":0,"54":0,"55":0,"56":0,"57":0,"58":0,"59":0,"60":0,"61":0,"62":0,"63":0,"64":0,"65":0,"66":0,"67":0,"68":0,"69":0,"70":0,"71":0,"72":0,"73":0,"74":0,"75":0,"76":0,"77":0,"78":0,"79":0,"80":0,"81":0,"82":0,"83":0,"84":0,"85":0,"86":0,"87":0,"88":0,"89":0,"90":0,"91":0,"92":0,"93":0,"94":0,"95":0,"96":0,"97":0,"98":0,"99":0,"100":0,"101":0,"102":0,"103":0,"104":0,"105":0,"106":0,"107":0,"108":0,"109":0,"110":0,"111":0,"112":0},"f":{"0":0,"1":0,"2":0,"3":0,"4":0,"5":0,"6":0,"7":0,"8":0,"9":0,"10":0,"11":0,"12":0,"13":0,"14":0,"15":0,"16":0,"17":0,"18":0,"19":0,"20":0,"21":0,"22":0},"b":{"0":[0,0],"1":[0,0],"2":[0,0],"3":[0],"4":[0,0],"5":[0],"6":[0],"7":[0,0],"8":[0,0],"9":[0,0],"10":[0,0],"11":[0,0],"12":[0,0],"13":[0,0],"14":[0,0],"15":[0,0],"16":[0,0],"17":[0,0],"18":[0],"19":[0],"20":[0,0],"21":[0,0],"22":[0,0],"23":[0,0],"24":[0,0],"25":[0,0],"26":[0,0],"27":[0,0],"28":[0,0],"29":[0,0],"30":[0,0],"31":[0,0],"32":[0,0],"33":[0,0]}}
,"C:\\Users\\muhav\\Documents\\Projects\\p-p-chat\\src\\components\\layout\\index.tsx": {"path":"C:\\Users\\muhav\\Documents\\Projects\\p-p-chat\\src\\components\\layout\\index.tsx","statementMap":{"0":{"start":{"line":1,"column":0},"end":{"line":1,"column":39}},"1":{"start":{"line":3,"column":21},"end":{"line":8,"column":2}},"2":{"start":{"line":10,"column":15},"end":{"line":12,"column":1}},"3":{"start":{"line":11,"column":2},"end":{"line":11,"column":49}},"4":{"start":{"line":13,"column":0},"end":{"line":13,"column":22}}},"fnMap":{"0":{"name":"(anonymous_1)","decl":{"start":{"line":10,"column":15},"end":{"line":10,"column":16}},"loc":{"start":{"line":10,"column":63},"end":{"line":12,"column":1}}}},"branchMap":{},"s":{"0":0,"1":0,"2":0,"3":0,"4":0},"f":{"0":0},"b":{}}
,"C:\\Users\\muhav\\Documents\\Projects\\p-p-chat\\src\\context\\app-context.tsx": {"path":"C:\\Users\\muhav\\Documents\\Projects\\p-p-chat\\src\\context\\app-context.tsx","statementMap":{"0":{"start":{"line":1,"column":0},"end":{"line":1,"column":59}},"1":{"start":{"line":4,"column":19},"end":{"line":11,"column":17}},"2":{"start":{"line":133,"column":9},"end":{"line":133,"column":19}},"3":{"start":{"line":14,"column":23},"end":{"line":27,"column":1}},"4":{"start":{"line":15,"column":19},"end":{"line":15,"column":21}},"5":{"start":{"line":16,"column":2},"end":{"line":25,"column":5}},"6":{"start":{"line":17,"column":4},"end":{"line":24,"column":6}},"7":{"start":{"line":26,"column":2},"end":{"line":26,"column":29}},"8":{"start":{"line":30,"column":25},"end":{"line":47,"column":1}},"9":{"start":{"line":31,"column":2},"end":{"line":46,"column":3}},"10":{"start":{"line":32,"column":16},"end":{"line":32,"column":32}},"11":{"start":{"line":33,"column":16},"end":{"line":33,"column":39}},"12":{"start":{"line":34,"column":4},"end":{"line":41,"column":7}},"13":{"start":{"line":35,"column":19},"end":{"line":35,"column":27}},"14":{"start":{"line":37,"column":6},"end":{"line":39,"column":7}},"15":{"start":{"line":38,"column":8},"end":{"line":38,"column":50}},"16":{"start":{"line":40,"column":6},"end":{"line":40,"column":25}},"17":{"start":{"line":42,"column":4},"end":{"line":42,"column":15}},"18":{"start":{"line":44,"column":4},"end":{"line":44,"column":55}},"19":{"start":{"line":45,"column":4},"end":{"line":45,"column":21}},"20":{"start":{"line":50,"column":27},"end":{"line":52,"column":1}},"21":{"start":{"line":51,"column":2},"end":{"line":51,"column":46}},"22":{"start":{"line":54,"column":20},"end":{"line":131,"column":1}},"23":{"start":{"line":55,"column":26},"end":{"line":59,"column":4}},"24":{"start":{"line":57,"column":22},"end":{"line":57,"column":57}},"25":{"start":{"line":58,"column":4},"end":{"line":58,"column":52}},"26":{"start":{"line":61,"column":38},"end":{"line":63,"column":4}},"27":{"start":{"line":62,"column":4},"end":{"line":62,"column":54}},"28":{"start":{"line":65,"column":28},"end":{"line":80,"column":4}},"29":{"start":{"line":67,"column":22},"end":{"line":67,"column":57}},"30":{"start":{"line":68,"column":4},"end":{"line":78,"column":5}},"31":{"start":{"line":69,"column":23},"end":{"line":69,"column":44}},"32":{"start":{"line":70,"column":25},"end":{"line":70,"column":56}},"33":{"start":{"line":71,"column":25},"end":{"line":71,"column":57}},"34":{"start":{"line":72,"column":6},"end":{"line":77,"column":7}},"35":{"start":{"line":73,"column":8},"end":{"line":73,"column":78}},"36":{"start":{"line":74,"column":28},"end":{"line":74,"column":56}},"37":{"start":{"line":75,"column":8},"end":{"line":75,"column":61}},"38":{"start":{"line":76,"column":8},"end":{"line":76,"column":27}},"39":{"start":{"line":79,"column":4},"end":{"line":79,"column":21}},"40":{"start":{"line":83,"column":2},"end":{"line":99,"column":13}},"41":{"start":{"line":84,"column":4},"end":{"line":98,"column":5}},"42":{"start":{"line":85,"column":6},"end":{"line":85,"column":64}},"43":{"start":{"line":88,"column":25},"end":{"line":88,"column":52}},"44":{"start":{"line":89,"column":25},"end":{"line":89,"column":57}},"45":{"start":{"line":90,"column":6},"end":{"line":95,"column":7}},"46":{"start":{"line":91,"column":8},"end":{"line":91,"column":66}},"47":{"start":{"line":92,"column":28},"end":{"line":92,"column":56}},"48":{"start":{"line":93,"column":8},"end":{"line":93,"column":61}},"49":{"start":{"line":94,"column":8},"end":{"line":94,"column":30}},"50":{"start":{"line":97,"column":6},"end":{"line":97,"column":45}},"51":{"start":{"line":102,"column":2},"end":{"line":108,"column":19}},"52":{"start":{"line":103,"column":4},"end":{"line":107,"column":5}},"53":{"start":{"line":104,"column":6},"end":{"line":104,"column":53}},"54":{"start":{"line":106,"column":6},"end":{"line":106,"column":44}},"55":{"start":{"line":111,"column":2},"end":{"line":122,"column":20}},"56":{"start":{"line":112,"column":4},"end":{"line":121,"column":5}},"57":{"start":{"line":113,"column":25},"end":{"line":113,"column":52}},"58":{"start":{"line":114,"column":6},"end":{"line":119,"column":8}},"59":{"start":{"line":120,"column":6},"end":{"line":120,"column":62}},"60":{"start":{"line":124,"column":2},"end":{"line":130,"column":4}},"61":{"start":{"line":133,"column":21},"end":{"line":133,"column":32}}},"fnMap":{"0":{"name":"(anonymous_0)","decl":{"start":{"line":6,"column":11},"end":{"line":6,"column":14}},"loc":{"start":{"line":6,"column":16},"end":{"line":6,"column":19}}},"1":{"name":"(anonymous_1)","decl":{"start":{"line":8,"column":17},"end":{"line":8,"column":20}},"loc":{"start":{"line":8,"column":22},"end":{"line":8,"column":25}}},"2":{"name":"(anonymous_2)","decl":{"start":{"line":10,"column":12},"end":{"line":10,"column":15}},"loc":{"start":{"line":10,"column":17},"end":{"line":10,"column":20}}},"3":{"name":"(anonymous_3)","decl":{"start":{"line":14,"column":23},"end":{"line":14,"column":24}},"loc":{"start":{"line":14,"column":52},"end":{"line":27,"column":1}}},"4":{"name":"(anonymous_4)","decl":{"start":{"line":16,"column":16},"end":{"line":16,"column":17}},"loc":{"start":{"line":16,"column":30},"end":{"line":25,"column":3}}},"5":{"name":"(anonymous_5)","decl":{"start":{"line":30,"column":25},"end":{"line":30,"column":26}},"loc":{"start":{"line":30,"column":61},"end":{"line":47,"column":1}}},"6":{"name":"(anonymous_6)","decl":{"start":{"line":34,"column":29},"end":{"line":34,"column":30}},"loc":{"start":{"line":34,"column":37},"end":{"line":41,"column":5}}},"7":{"name":"(anonymous_7)","decl":{"start":{"line":50,"column":27},"end":{"line":50,"column":28}},"loc":{"start":{"line":50,"column":53},"end":{"line":52,"column":1}}},"8":{"name":"(anonymous_8)","decl":{"start":{"line":54,"column":20},"end":{"line":54,"column":21}},"loc":{"start":{"line":54,"column":68},"end":{"line":131,"column":1}}},"9":{"name":"(anonymous_9)","decl":{"start":{"line":55,"column":52},"end":{"line":55,"column":55}},"loc":{"start":{"line":55,"column":57},"end":{"line":59,"column":3}}},"10":{"name":"(anonymous_10)","decl":{"start":{"line":61,"column":62},"end":{"line":61,"column":65}},"loc":{"start":{"line":61,"column":67},"end":{"line":63,"column":3}}},"11":{"name":"(anonymous_11)","decl":{"start":{"line":65,"column":56},"end":{"line":65,"column":59}},"loc":{"start":{"line":65,"column":61},"end":{"line":80,"column":3}}},"12":{"name":"(anonymous_12)","decl":{"start":{"line":83,"column":12},"end":{"line":83,"column":15}},"loc":{"start":{"line":83,"column":17},"end":{"line":99,"column":3}}},"13":{"name":"(anonymous_13)","decl":{"start":{"line":102,"column":12},"end":{"line":102,"column":15}},"loc":{"start":{"line":102,"column":17},"end":{"line":108,"column":3}}},"14":{"name":"(anonymous_14)","decl":{"start":{"line":111,"column":12},"end":{"line":111,"column":15}},"loc":{"start":{"line":111,"column":17},"end":{"line":122,"column":3}}}},"branchMap":{"0":{"loc":{"start":{"line":21,"column":8},"end":{"line":23,"column":26}},"type":"cond-expr","locations":[{"start":{"line":22,"column":12},"end":{"line":22,"column":40}},{"start":{"line":23,"column":12},"end":{"line":23,"column":26}}]},"1":{"loc":{"start":{"line":37,"column":6},"end":{"line":39,"column":7}},"type":"if","locations":[{"start":{"line":37,"column":6},"end":{"line":39,"column":7}}]},"2":{"loc":{"start":{"line":51,"column":9},"end":{"line":51,"column":45}},"type":"cond-expr","locations":[{"start":{"line":51,"column":18},"end":{"line":51,"column":35}},{"start":{"line":51,"column":38},"end":{"line":51,"column":45}}]},"3":{"loc":{"start":{"line":58,"column":11},"end":{"line":58,"column":51}},"type":"cond-expr","locations":[{"start":{"line":58,"column":23},"end":{"line":58,"column":44}},{"start":{"line":58,"column":47},"end":{"line":58,"column":51}}]},"4":{"loc":{"start":{"line":62,"column":11},"end":{"line":62,"column":53}},"type":"binary-expr","locations":[{"start":{"line":62,"column":11},"end":{"line":62,"column":45}},{"start":{"line":62,"column":49},"end":{"line":62,"column":53}}]},"5":{"loc":{"start":{"line":68,"column":4},"end":{"line":78,"column":5}},"type":"if","locations":[{"start":{"line":68,"column":4},"end":{"line":78,"column":5}}]},"6":{"loc":{"start":{"line":72,"column":6},"end":{"line":77,"column":7}},"type":"if","locations":[{"start":{"line":72,"column":6},"end":{"line":77,"column":7}}]},"7":{"loc":{"start":{"line":84,"column":4},"end":{"line":98,"column":5}},"type":"if","locations":[{"start":{"line":84,"column":4},"end":{"line":98,"column":5}},{"start":{"line":96,"column":11},"end":{"line":98,"column":5}}]},"8":{"loc":{"start":{"line":90,"column":6},"end":{"line":95,"column":7}},"type":"if","locations":[{"start":{"line":90,"column":6},"end":{"line":95,"column":7}}]},"9":{"loc":{"start":{"line":103,"column":4},"end":{"line":107,"column":5}},"type":"if","locations":[{"start":{"line":103,"column":4},"end":{"line":107,"column":5}},{"start":{"line":105,"column":11},"end":{"line":107,"column":5}}]},"10":{"loc":{"start":{"line":112,"column":4},"end":{"line":121,"column":5}},"type":"if","locations":[{"start":{"line":112,"column":4},"end":{"line":121,"column":5}}]},"11":{"loc":{"start":{"line":112,"column":8},"end":{"line":112,"column":30}},"type":"binary-expr","locations":[{"start":{"line":112,"column":8},"end":{"line":112,"column":12}},{"start":{"line":112,"column":16},"end":{"line":112,"column":30}}]}},"s":{"0":0,"1":0,"2":0,"3":0,"4":0,"5":0,"6":0,"7":0,"8":0,"9":0,"10":0,"11":0,"12":0,"13":0,"14":0,"15":0,"16":0,"17":0,"18":0,"19":0,"20":0,"21":0,"22":0,"23":0,"24":0,"25":0,"26":0,"27":0,"28":0,"29":0,"30":0,"31":0,"32":0,"33":0,"34":0,"35":0,"36":0,"37":0,"38":0,"39":0,"40":0,"41":0,"42":0,"43":0,"44":0,"45":0,"46":0,"47":0,"48":0,"49":0,"50":0,"51":0,"52":0,"53":0,"54":0,"55":0,"56":0,"57":0,"58":0,"59":0,"60":0,"61":0},"f":{"0":0,"1":0,"2":0,"3":0,"4":0,"5":0,"6":0,"7":0,"8":0,"9":0,"10":0,"11":0,"12":0,"13":0,"14":0},"b":{"0":[0,0],"1":[0],"2":[0,0],"3":[0,0],"4":[0,0],"5":[0],"6":[0],"7":[0,0],"8":[0],"9":[0,0],"10":[0],"11":[0,0]}}
,"C:\\Users\\muhav\\Documents\\Projects\\p-p-chat\\src\\pages\\auth\\login\\index.tsx": {"path":"C:\\Users\\muhav\\Documents\\Projects\\p-p-chat\\src\\pages\\auth\\login\\index.tsx","statementMap":{"0":{"start":{"line":1,"column":0},"end":{"line":1,"column":49}},"1":{"start":{"line":2,"column":0},"end":{"line":2,"column":53}},"2":{"start":{"line":3,"column":0},"end":{"line":3,"column":39}},"3":{"start":{"line":4,"column":0},"end":{"line":4,"column":48}},"4":{"start":{"line":5,"column":0},"end":{"line":5,"column":36}},"5":{"start":{"line":6,"column":0},"end":{"line":6,"column":59}},"6":{"start":{"line":8,"column":18},"end":{"line":15,"column":2}},"7":{"start":{"line":17,"column":17},"end":{"line":24,"column":2}},"8":{"start":{"line":26,"column":14},"end":{"line":32,"column":2}},"9":{"start":{"line":34,"column":17},"end":{"line":39,"column":2}},"10":{"start":{"line":41,"column":13},"end":{"line":45,"column":2}},"11":{"start":{"line":47,"column":19},"end":{"line":51,"column":2}},"12":{"start":{"line":53,"column":14},"end":{"line":57,"column":2}},"13":{"start":{"line":59,"column":14},"end":{"line":78,"column":2}},"14":{"start":{"line":80,"column":15},"end":{"line":103,"column":2}},"15":{"start":{"line":105,"column":15},"end":{"line":110,"column":2}},"16":{"start":{"line":112,"column":19},"end":{"line":120,"column":2}},"17":{"start":{"line":122,"column":18},"end":{"line":197,"column":1}},"18":{"start":{"line":123,"column":34},"end":{"line":126,"column":4}},"19":{"start":{"line":127,"column":32},"end":{"line":127,"column":47}},"20":{"start":{"line":128,"column":19},"end":{"line":128,"column":32}},"21":{"start":{"line":130,"column":23},"end":{"line":150,"column":4}},"22":{"start":{"line":130,"column":46},"end":{"line":150,"column":4}},"23":{"start":{"line":131,"column":4},"end":{"line":131,"column":23}},"24":{"start":{"line":133,"column":4},"end":{"line":136,"column":5}},"25":{"start":{"line":134,"column":6},"end":{"line":134,"column":47}},"26":{"start":{"line":135,"column":6},"end":{"line":135,"column":13}},"27":{"start":{"line":138,"column":4},"end":{"line":138,"column":21}},"28":{"start":{"line":139,"column":4},"end":{"line":149,"column":5}},"29":{"start":{"line":140,"column":23},"end":{"line":140,"column":52}},"30":{"start":{"line":141,"column":6},"end":{"line":141,"column":52}},"31":{"start":{"line":142,"column":6},"end":{"line":142,"column":66}},"32":{"start":{"line":143,"column":6},"end":{"line":143,"column":41}},"33":{"start":{"line":144,"column":6},"end":{"line":144,"column":28}},"34":{"start":{"line":146,"column":6},"end":{"line":146,"column":65}},"35":{"start":{"line":148,"column":6},"end":{"line":148,"column":24}},"36":{"start":{"line":152,"column":2},"end":{"line":196,"column":4}},"37":{"start":{"line":167,"column":16},"end":{"line":167,"column":75}},"38":{"start":{"line":180,"column":16},"end":{"line":180,"column":70}},"39":{"start":{"line":199,"column":0},"end":{"line":199,"column":25}}},"fnMap":{"0":{"name":"(anonymous_8)","decl":{"start":{"line":122,"column":18},"end":{"line":122,"column":21}},"loc":{"start":{"line":122,"column":23},"end":{"line":197,"column":1}}},"1":{"name":"(anonymous_9)","decl":{"start":{"line":130,"column":23},"end":{"line":130,"column":30}},"loc":{"start":{"line":130,"column":46},"end":{"line":150,"column":4}}},"2":{"name":"(anonymous_10)","decl":{"start":{"line":130,"column":46},"end":{"line":130,"column":null}},"loc":{"start":{"line":130,"column":46},"end":{"line":150,"column":3}}},"3":{"name":"(anonymous_11)","decl":{"start":{"line":166,"column":24},"end":{"line":166,"column":25}},"loc":{"start":{"line":167,"column":16},"end":{"line":167,"column":75}}},"4":{"name":"(anonymous_12)","decl":{"start":{"line":179,"column":24},"end":{"line":179,"column":25}},"loc":{"start":{"line":180,"column":16},"end":{"line":180,"column":70}}}},"branchMap":{"0":{"loc":{"start":{"line":133,"column":4},"end":{"line":136,"column":5}},"type":"if","locations":[{"start":{"line":133,"column":4},"end":{"line":136,"column":5}}]},"1":{"loc":{"start":{"line":133,"column":8},"end":{"line":133,"column":53}},"type":"binary-expr","locations":[{"start":{"line":133,"column":8},"end":{"line":133,"column":31}},{"start":{"line":133,"column":35},"end":{"line":133,"column":53}}]},"2":{"loc":{"start":{"line":146,"column":18},"end":{"line":146,"column":63}},"type":"binary-expr","locations":[{"start":{"line":146,"column":18},"end":{"line":146,"column":45}},{"start":{"line":146,"column":49},"end":{"line":146,"column":63}}]},"3":{"loc":{"start":{"line":146,"column":18},"end":{"line":146,"column":45}},"type":"cond-expr","locations":[{"start":{"line":146,"column":38},"end":{"line":146,"column":40}},{"start":{"line":146,"column":38},"end":{"line":146,"column":45}}]},"4":{"loc":{"start":{"line":146,"column":18},"end":{"line":146,"column":40}},"type":"binary-expr","locations":[{"start":{"line":146,"column":18},"end":{"line":146,"column":40}},{"start":{"line":146,"column":38},"end":{"line":146,"column":40}}]},"5":{"loc":{"start":{"line":146,"column":18},"end":{"line":146,"column":38}},"type":"cond-expr","locations":[{"start":{"line":146,"column":32},"end":{"line":146,"column":34}},{"start":{"line":146,"column":32},"end":{"line":146,"column":38}}]},"6":{"loc":{"start":{"line":146,"column":18},"end":{"line":146,"column":34}},"type":"binary-expr","locations":[{"start":{"line":146,"column":18},"end":{"line":146,"column":34}},{"start":{"line":146,"column":32},"end":{"line":146,"column":34}}]},"7":{"loc":{"start":{"line":186,"column":13},"end":{"line":186,"column":50}},"type":"cond-expr","locations":[{"start":{"line":186,"column":23},"end":{"line":186,"column":38}},{"start":{"line":186,"column":41},"end":{"line":186,"column":50}}]}},"s":{"0":0,"1":0,"2":0,"3":0,"4":0,"5":0,"6":0,"7":0,"8":0,"9":0,"10":0,"11":0,"12":0,"13":0,"14":0,"15":0,"16":0,"17":0,"18":0,"19":0,"20":0,"21":0,"22":0,"23":0,"24":0,"25":0,"26":0,"27":0,"28":0,"29":0,"30":0,"31":0,"32":0,"33":0,"34":0,"35":0,"36":0,"37":0,"38":0,"39":0},"f":{"0":0,"1":0,"2":0,"3":0,"4":0},"b":{"0":[0],"1":[0,0],"2":[0,0],"3":[0,0],"4":[0,0],"5":[0,0],"6":[0,0],"7":[0,0]}}
,"C:\\Users\\muhav\\Documents\\Projects\\p-p-chat\\src\\pages\\auth\\signup\\index.tsx": {"path":"C:\\Users\\muhav\\Documents\\Projects\\p-p-chat\\src\\pages\\auth\\signup\\index.tsx","statementMap":{"0":{"start":{"line":1,"column":0},"end":{"line":1,"column":49}},"1":{"start":{"line":2,"column":0},"end":{"line":2,"column":53}},"2":{"start":{"line":3,"column":0},"end":{"line":3,"column":39}},"3":{"start":{"line":4,"column":0},"end":{"line":4,"column":48}},"4":{"start":{"line":5,"column":0},"end":{"line":5,"column":36}},"5":{"start":{"line":6,"column":0},"end":{"line":6,"column":59}},"6":{"start":{"line":8,"column":18},"end":{"line":15,"column":2}},"7":{"start":{"line":17,"column":17},"end":{"line":24,"column":2}},"8":{"start":{"line":26,"column":14},"end":{"line":32,"column":2}},"9":{"start":{"line":34,"column":17},"end":{"line":39,"column":2}},"10":{"start":{"line":41,"column":13},"end":{"line":45,"column":2}},"11":{"start":{"line":47,"column":19},"end":{"line":51,"column":2}},"12":{"start":{"line":53,"column":14},"end":{"line":57,"column":2}},"13":{"start":{"line":59,"column":14},"end":{"line":78,"column":2}},"14":{"start":{"line":80,"column":15},"end":{"line":103,"column":2}},"15":{"start":{"line":105,"column":15},"end":{"line":110,"column":2}},"16":{"start":{"line":112,"column":19},"end":{"line":120,"column":2}},"17":{"start":{"line":122,"column":19},"end":{"line":259,"column":1}},"18":{"start":{"line":123,"column":34},"end":{"line":129,"column":4}},"19":{"start":{"line":130,"column":32},"end":{"line":130,"column":47}},"20":{"start":{"line":131,"column":19},"end":{"line":131,"column":32}},"21":{"start":{"line":133,"column":23},"end":{"line":173,"column":4}},"22":{"start":{"line":133,"column":46},"end":{"line":173,"column":4}},"23":{"start":{"line":134,"column":4},"end":{"line":134,"column":23}},"24":{"start":{"line":136,"column":4},"end":{"line":144,"column":5}},"25":{"start":{"line":142,"column":6},"end":{"line":142,"column":47}},"26":{"start":{"line":143,"column":6},"end":{"line":143,"column":13}},"27":{"start":{"line":146,"column":4},"end":{"line":149,"column":5}},"28":{"start":{"line":147,"column":6},"end":{"line":147,"column":44}},"29":{"start":{"line":148,"column":6},"end":{"line":148,"column":13}},"30":{"start":{"line":151,"column":4},"end":{"line":154,"column":5}},"31":{"start":{"line":152,"column":6},"end":{"line":152,"column":60}},"32":{"start":{"line":153,"column":6},"end":{"line":153,"column":13}},"33":{"start":{"line":156,"column":4},"end":{"line":156,"column":21}},"34":{"start":{"line":157,"column":4},"end":{"line":172,"column":5}},"35":{"start":{"line":158,"column":23},"end":{"line":163,"column":8}},"36":{"start":{"line":164,"column":6},"end":{"line":164,"column":52}},"37":{"start":{"line":165,"column":6},"end":{"line":165,"column":66}},"38":{"start":{"line":166,"column":6},"end":{"line":166,"column":53}},"39":{"start":{"line":167,"column":6},"end":{"line":167,"column":28}},"40":{"start":{"line":169,"column":6},"end":{"line":169,"column":66}},"41":{"start":{"line":171,"column":6},"end":{"line":171,"column":24}},"42":{"start":{"line":175,"column":2},"end":{"line":258,"column":4}},"43":{"start":{"line":190,"column":16},"end":{"line":190,"column":66}},"44":{"start":{"line":203,"column":16},"end":{"line":203,"column":67}},"45":{"start":{"line":216,"column":16},"end":{"line":216,"column":68}},"46":{"start":{"line":229,"column":16},"end":{"line":229,"column":70}},"47":{"start":{"line":242,"column":16},"end":{"line":242,"column":77}},"48":{"start":{"line":261,"column":0},"end":{"line":261,"column":26}}},"fnMap":{"0":{"name":"(anonymous_8)","decl":{"start":{"line":122,"column":19},"end":{"line":122,"column":22}},"loc":{"start":{"line":122,"column":24},"end":{"line":259,"column":1}}},"1":{"name":"(anonymous_9)","decl":{"start":{"line":133,"column":23},"end":{"line":133,"column":30}},"loc":{"start":{"line":133,"column":46},"end":{"line":173,"column":4}}},"2":{"name":"(anonymous_10)","decl":{"start":{"line":133,"column":46},"end":{"line":133,"column":null}},"loc":{"start":{"line":133,"column":46},"end":{"line":173,"column":3}}},"3":{"name":"(anonymous_11)","decl":{"start":{"line":189,"column":24},"end":{"line":189,"column":25}},"loc":{"start":{"line":190,"column":16},"end":{"line":190,"column":66}}},"4":{"name":"(anonymous_12)","decl":{"start":{"line":202,"column":24},"end":{"line":202,"column":25}},"loc":{"start":{"line":203,"column":16},"end":{"line":203,"column":67}}},"5":{"name":"(anonymous_13)","decl":{"start":{"line":215,"column":24},"end":{"line":215,"column":25}},"loc":{"start":{"line":216,"column":16},"end":{"line":216,"column":68}}},"6":{"name":"(anonymous_14)","decl":{"start":{"line":228,"column":24},"end":{"line":228,"column":25}},"loc":{"start":{"line":229,"column":16},"end":{"line":229,"column":70}}},"7":{"name":"(anonymous_15)","decl":{"start":{"line":241,"column":24},"end":{"line":241,"column":25}},"loc":{"start":{"line":242,"column":16},"end":{"line":242,"column":77}}}},"branchMap":{"0":{"loc":{"start":{"line":136,"column":4},"end":{"line":144,"column":5}},"type":"if","locations":[{"start":{"line":136,"column":4},"end":{"line":144,"column":5}}]},"1":{"loc":{"start":{"line":137,"column":6},"end":{"line":140,"column":24}},"type":"binary-expr","locations":[{"start":{"line":137,"column":6},"end":{"line":137,"column":20}},{"start":{"line":138,"column":6},"end":{"line":138,"column":21}},{"start":{"line":139,"column":6},"end":{"line":139,"column":22}},{"start":{"line":140,"column":6},"end":{"line":140,"column":24}}]},"2":{"loc":{"start":{"line":146,"column":4},"end":{"line":149,"column":5}},"type":"if","locations":[{"start":{"line":146,"column":4},"end":{"line":149,"column":5}}]},"3":{"loc":{"start":{"line":151,"column":4},"end":{"line":154,"column":5}},"type":"if","locations":[{"start":{"line":151,"column":4},"end":{"line":154,"column":5}}]},"4":{"loc":{"start":{"line":169,"column":18},"end":{"line":169,"column":64}},"type":"binary-expr","locations":[{"start":{"line":169,"column":18},"end":{"line":169,"column":45}},{"start":{"line":169,"column":49},"end":{"line":169,"column":64}}]},"5":{"loc":{"start":{"line":169,"column":18},"end":{"line":169,"column":45}},"type":"cond-expr","locations":[{"start":{"line":169,"column":38},"end":{"line":169,"column":40}},{"start":{"line":169,"column":38},"end":{"line":169,"column":45}}]},"6":{"loc":{"start":{"line":169,"column":18},"end":{"line":169,"column":40}},"type":"binary-expr","locations":[{"start":{"line":169,"column":18},"end":{"line":169,"column":40}},{"start":{"line":169,"column":38},"end":{"line":169,"column":40}}]},"7":{"loc":{"start":{"line":169,"column":18},"end":{"line":169,"column":38}},"type":"cond-expr","locations":[{"start":{"line":169,"column":32},"end":{"line":169,"column":34}},{"start":{"line":169,"column":32},"end":{"line":169,"column":38}}]},"8":{"loc":{"start":{"line":169,"column":18},"end":{"line":169,"column":34}},"type":"binary-expr","locations":[{"start":{"line":169,"column":18},"end":{"line":169,"column":34}},{"start":{"line":169,"column":32},"end":{"line":169,"column":34}}]},"9":{"loc":{"start":{"line":248,"column":13},"end":{"line":248,"column":56}},"type":"cond-expr","locations":[{"start":{"line":248,"column":23},"end":{"line":248,"column":44}},{"start":{"line":248,"column":47},"end":{"line":248,"column":56}}]}},"s":{"0":0,"1":0,"2":0,"3":0,"4":0,"5":0,"6":0,"7":0,"8":0,"9":0,"10":0,"11":0,"12":0,"13":0,"14":0,"15":0,"16":0,"17":0,"18":0,"19":0,"20":0,"21":0,"22":0,"23":0,"24":0,"25":0,"26":0,"27":0,"28":0,"29":0,"30":0,"31":0,"32":0,"33":0,"34":0,"35":0,"36":0,"37":0,"38":0,"39":0,"40":0,"41":0,"42":0,"43":0,"44":0,"45":0,"46":0,"47":0,"48":0},"f":{"0":0,"1":0,"2":0,"3":0,"4":0,"5":0,"6":0,"7":0},"b":{"0":[0],"1":[0,0,0,0],"2":[0],"3":[0],"4":[0,0],"5":[0,0],"6":[0,0],"7":[0,0],"8":[0,0],"9":[0,0]}}
,"C:\\Users\\muhav\\Documents\\Projects\\p-p-chat\\src\\pages\\chat\\index.tsx": {"path":"C:\\Users\\muhav\\Documents\\Projects\\p-p-chat\\src\\pages\\chat\\index.tsx","statementMap":{"0":{"start":{"line":1,"column":0},"end":{"line":1,"column":39}},"1":{"start":{"line":2,"column":0},"end":{"line":2,"column":54}},"2":{"start":{"line":3,"column":0},"end":{"line":3,"column":47}},"3":{"start":{"line":4,"column":0},"end":{"line":4,"column":45}},"4":{"start":{"line":5,"column":0},"end":{"line":5,"column":52}},"5":{"start":{"line":6,"column":0},"end":{"line":6,"column":54}},"6":{"start":{"line":7,"column":0},"end":{"line":7,"column":55}},"7":{"start":{"line":8,"column":0},"end":{"line":8,"column":54}},"8":{"start":{"line":9,"column":0},"end":{"line":9,"column":53}},"9":{"start":{"line":10,"column":0},"end":{"line":10,"column":36}},"10":{"start":{"line":11,"column":0},"end":{"line":11,"column":48}},"11":{"start":{"line":14,"column":19},"end":{"line":19,"column":2}},"12":{"start":{"line":21,"column":17},"end":{"line":214,"column":1}},"13":{"start":{"line":22,"column":57},"end":{"line":22,"column":79}},"14":{"start":{"line":23,"column":19},"end":{"line":23,"column":32}},"15":{"start":{"line":24,"column":24},"end":{"line":24,"column":42}},"16":{"start":{"line":27,"column":2},"end":{"line":29,"column":19}},"17":{"start":{"line":28,"column":4},"end":{"line":28,"column":39}},"18":{"start":{"line":31,"column":2},"end":{"line":36,"column":9}},"19":{"start":{"line":33,"column":4},"end":{"line":35,"column":5}},"20":{"start":{"line":34,"column":6},"end":{"line":34,"column":22}},"21":{"start":{"line":38,"column":24},"end":{"line":69,"column":4}},"22":{"start":{"line":38,"column":35},"end":{"line":69,"column":4}},"23":{"start":{"line":39,"column":4},"end":{"line":68,"column":5}},"24":{"start":{"line":40,"column":20},"end":{"line":40,"column":49}},"25":{"start":{"line":41,"column":6},"end":{"line":44,"column":7}},"26":{"start":{"line":42,"column":8},"end":{"line":42,"column":31}},"27":{"start":{"line":43,"column":8},"end":{"line":43,"column":15}},"28":{"start":{"line":47,"column":23},"end":{"line":47,"column":53}},"29":{"start":{"line":48,"column":6},"end":{"line":48,"column":29}},"30":{"start":{"line":51,"column":21},"end":{"line":51,"column":61}},"31":{"start":{"line":52,"column":6},"end":{"line":52,"column":45}},"32":{"start":{"line":55,"column":6},"end":{"line":55,"column":31}},"33":{"start":{"line":58,"column":28},"end":{"line":58,"column":74}},"34":{"start":{"line":59,"column":6},"end":{"line":62,"column":7}},"35":{"start":{"line":60,"column":8},"end":{"line":60,"column":48}},"36":{"start":{"line":61,"column":8},"end":{"line":61,"column":63}},"37":{"start":{"line":64,"column":6},"end":{"line":64,"column":52}},"38":{"start":{"line":65,"column":6},"end":{"line":65,"column":39}},"39":{"start":{"line":66,"column":6},"end":{"line":66,"column":39}},"40":{"start":{"line":67,"column":6},"end":{"line":67,"column":29}},"41":{"start":{"line":71,"column":33},"end":{"line":106,"column":3}},"42":{"start":{"line":73,"column":4},"end":{"line":80,"column":7}},"43":{"start":{"line":74,"column":6},"end":{"line":79,"column":7}},"44":{"start":{"line":75,"column":8},"end":{"line":77,"column":11}},"45":{"start":{"line":76,"column":10},"end":{"line":76,"column":42}},"46":{"start":{"line":78,"column":8},"end":{"line":78,"column":77}},"47":{"start":{"line":84,"column":4},"end":{"line":92,"column":7}},"48":{"start":{"line":85,"column":6},"end":{"line":85,"column":80}},"49":{"start":{"line":87,"column":6},"end":{"line":91,"column":7}},"50":{"start":{"line":88,"column":8},"end":{"line":88,"column":42}},"51":{"start":{"line":90,"column":8},"end":{
[...]
cl":{"start":{"line":96,"column":15},"end":{"line":96,"column":16}},"loc":{"start":{"line":96,"column":29},"end":{"line":104,"column":7}}},"11":{"name":"(anonymous_19)","decl":{"start":{"line":108,"column":27},"end":{"line":108,"column":34}},"loc":{"start":{"line":108,"column":66},"end":{"line":173,"column":4}}},"12":{"name":"(anonymous_20)","decl":{"start":{"line":108,"column":66},"end":{"line":108,"column":null}},"loc":{"start":{"line":108,"column":66},"end":{"line":173,"column":3}}},"13":{"name":"(anonymous_21)","decl":{"start":{"line":125,"column":17},"end":{"line":125,"column":18}},"loc":{"start":{"line":125,"column":31},"end":{"line":129,"column":9}}},"14":{"name":"(anonymous_22)","decl":{"start":{"line":139,"column":13},"end":{"line":139,"column":14}},"loc":{"start":{"line":139,"column":27},"end":{"line":172,"column":5}}},"15":{"name":"(anonymous_23)","decl":{"start":{"line":149,"column":47},"end":{"line":149,"column":48}},"loc":{"start":{"line":149,"column":56},"end":{"line":149,"column":77}}},"16":{"name":"(anonymous_24)","decl":{"start":{"line":176,"column":12},"end":{"line":176,"column":15}},"loc":{"start":{"line":176,"column":17},"end":{"line":196,"column":3}}},"17":{"name":"(anonymous_25)","decl":{"start":{"line":185,"column":17},"end":{"line":185,"column":18}},"loc":{"start":{"line":185,"column":31},"end":{"line":193,"column":9}}},"18":{"name":"(anonymous_26)","decl":{"start":{"line":199,"column":12},"end":{"line":199,"column":15}},"loc":{"start":{"line":199,"column":17},"end":{"line":204,"column":3}}}},"branchMap":{"0":{"loc":{"start":{"line":33,"column":4},"end":{"line":35,"column":5}},"type":"if","locations":[{"start":{"line":33,"column":4},"end":{"line":35,"column":5}}]},"1":{"loc":{"start":{"line":41,"column":6},"end":{"line":44,"column":7}},"type":"if","locations":[{"start":{"line":41,"column":6},"end":{"line":44,"column":7}}]},"2":{"loc":{"start":{"line":59,"column":6},"end":{"line":62,"column":7}},"type":"if","locations":[{"start":{"line":59,"column":6},"end":{"line":62,"column":7}}]},"3":{"loc":{"start":{"line":74,"column":6},"end":{"line":79,"column":7}},"type":"if","locations":[{"start":{"line":74,"column":6},"end":{"line":79,"column":7}}]},"4":{"loc":{"start":{"line":74,"column":10},"end":{"line":74,"column":51}},"type":"binary-expr","locations":[{"start":{"line":74,"column":10},"end":{"line":74,"column":23}},{"start":{"line":74,"column":27},"end":{"line":74,"column":51}}]},"5":{"loc":{"start":{"line":87,"column":6},"end":{"line":91,"column":7}},"type":"if","locations":[{"start":{"line":87,"column":6},"end":{"line":91,"column":7}},{"start":{"line":89,"column":13},"end":{"line":91,"column":7}}]},"6":{"loc":{"start":{"line":99,"column":8},"end":{"line":102,"column":9}},"type":"if","locations":[{"start":{"line":99,"column":8},"end":{"line":102,"column":9}}]},"7":{"loc":{"start":{"line":110,"column":4},"end":{"line":137,"column":5}},"type":"if","locations":[{"start":{"line":110,"column":4},"end":{"line":137,"column":5}}]},"8":{"loc":{"start":{"line":143,"column":6},"end":{"line":146,"column":7}},"type":"if","locations":[{"start":{"line":143,"column":6},"end":{"line":146,"column":7}}]},"9":{"loc":{"start":{"line":150,"column":6},"end":{"line":169,"column":7}},"type":"if","locations":[{"start":{"line":150,"column":6},"end":{"line":169,"column":7}}]},"10":{"loc":{"start":{"line":164,"column":8},"end":{"line":166,"column":9}},"type":"if","locations":[{"start":{"line":164,"column":8},"end":{"line":166,"column":9}}]},"11":{"loc":{"start":{"line":177,"column":4},"end":{"line":195,"column":5}},"type":"if","locations":[{"start":{"line":177,"column":4},"end":{"line":195,"column":5}}]},"12":{"loc":{"start":{"line":177,"column":8},"end":{"line":177,"column":26}},"type":"binary-expr","locations":[{"start":{"line":177,"column":8},"end":{"line":177,"column":18}},{"start":{"line":177,"column":22},"end":{"line":177,"column":26}}]},"13":{"loc":{"start":{"line":179,"column":6},"end":{"line":194,"column":7}},"type":"if","locations":[{"start":{"line":179,"column":6},"end":{"line":194,"column":7}},{"start":{"line":183,"column":13},"end":{"line":194,"column":7}}]},"14":{"loc":{"start":{"line":188,"column":10},"end":{"line":191,"column":11}},"type":"if","locations":[{"start":{"line":188,"column":10},"end":{"line":191,"column":11}}]},"15":{"loc":{"start":{"line":200,"column":4},"end":{"line":203,"column":5}},"type":"if","locations":[{"start":{"line":200,"column":4},"end":{"line":203,"column":5}}]},"16":{"loc":{"start":{"line":200,"column":8},"end":{"line":200,"column":52}},"type":"binary-expr","locations":[{"start":{"line":200,"column":8},"end":{"line":200,"column":18}},{"start":{"line":200,"column":22},"end":{"line":200,"column":26}},{"start":{"line":200,"column":30},"end":{"line":200,"column":52}}]}},"s":{"0":0,"1":0,"2":0,"3":0,"4":0,"5":0,"6":0,"7":0,"8":0,"9":0,"10":0,"11":0,"12":0,"13":0,"14":0,"15":0,"16":0,"17":0,"18":0,"19":0,"20":0,"21":0,"22":0,"23":0,"24":0,"25":0,"26":0,"27":0,"28":0,"29":0,"30":0,"31":0,"32":0,"33":0,"34":0,"35":0,"36":0,"37":0,"38":0,"39":0,"40":0,"41":0,"42":0,"43":0,"44":0,"45":0,"46":0,"47":0,"48":0,"49":0,"50":0,"51":0,"52":0,"53":0,"54":0,"55":0,"56":0,"57":0,"58":0,"59":0,"60":0,"61":0,"62":0,"63":0,"64":0,"65":0,"66":0,"67":0,"68":0,"69":0,"70":0,"71":0,"72":0,"73":0,"74":0,"75":0,"76":0,"77":0,"78":0,"79":0,"80":0,"81":0,"82":0,"83":0,"84":0,"85":0,"86":0,"87":0,"88":0,"89":0,"90":0,"91":0,"92":0,"93":0,"94":0,"95":0,"96":0,"97":0,"98":0,"99":0,"100":0,"101":0,"102":0,"103":0,"104":0},"f":{"0":0,"1":0,"2":0,"3":0,"4":0,"5":0,"6":0,"7":0,"8":0,"9":0,"10":0,"11":0,"12":0,"13":0,"14":0,"15":0,"16":0,"17":0,"18":0},"b":{"0":[0],"1":[0],"2":[0],"3":[0],"4":[0,0],"5":[0,0],"6":[0],"7":[0],"8":[0],"9":[0],"10":[0],"11":[0],"12":[0,0],"13":[0,0],"14":[0],"15":[0],"16":[0,0,0]}}
,"C:\\Users\\muhav\\Documents\\Projects\\p-p-chat\\src\\services\\api.ts": {"path":"C:\\Users\\muhav\\Documents\\Projects\\p-p-chat\\src\\services\\api.ts","statementMap":{"0":{"start":{"line":1,"column":0},"end":{"line":1,"column":26}},"1":{"start":{"line":2,"column":0},"end":{"line":2,"column":46}},"2":{"start":{"line":4,"column":12},"end":{"line":6,"column":2}},"3":{"start":{"line":9,"column":0},"end":{"line":15,"column":3}},"4":{"start":{"line":10,"column":18},"end":{"line":10,"column":47}},"5":{"start":{"line":11,"column":4},"end":{"line":13,"column":5}},"6":{"start":{"line":12,"column":8},"end":{"line":12,"column":57}},"7":{"start":{"line":14,"column":4},"end":{"line":14,"column":18}},"8":{"start":{"line":29,"column":13},"end":{"line":44,"column":2}},"9":{"start":{"line":30,"column":39},"end":{"line":33,"column":null}},"10":{"start":{"line":31,"column":25},"end":{"line":31,"column":65}},"11":{"start":{"line":32,"column":8},"end":{"line":32,"column":29}},"12":{"start":{"line":35,"column":37},"end":{"line":38,"column":null}},"13":{"start":{"line":36,"column":25},"end":{"line":36,"column":64}},"14":{"start":{"line":37,"column":8},"end":{"line":37,"column":29}},"15":{"start":{"line":40,"column":31},"end":{"line":43,"column":null}},"16":{"start":{"line":41,"column":25},"end":{"line":41,"column":54}},"17":{"start":{"line":42,"column":8},"end":{"line":42,"column":29}},"18":{"start":{"line":46,"column":13},"end":{"line":56,"column":2}},"19":{"start":{"line":47,"column":41},"end":{"line":50,"column":null}},"20":{"start":{"line":48,"column":25},"end":{"line":48,"column":94}},"21":{"start":{"line":49,"column":8},"end":{"line":49,"column":29}},"22":{"start":{"line":52,"column":42},"end":{"line":55,"column":null}},"23":{"start":{"line":53,"column":25},"end":{"line":53,"column":62}},"24":{"start":{"line":54,"column":8},"end":{"line":54,"column":29}},"25":{"start":{"line":58,"column":0},"end":{"line":58,"column":19}}},"fnMap":{"0":{"name":"(anonymous_8)","decl":{"start":{"line":9,"column":29},"end":{"line":9,"column":30}},"loc":{"start":{"line":9,"column":40},"end":{"line":15,"column":1}}},"1":{"name":"(anonymous_9)","decl":{"start":{"line":30,"column":12},"end":{"line":30,"column":19}},"loc":{"start":{"line":30,"column":39},"end":{"line":33,"column":null}}},"2":{"name":"(anonymous_10)","decl":{"start":{"line":30,"column":39},"end":{"line":30,"column":null}},"loc":{"start":{"line":30,"column":39},"end":{"line":33,"column":5}}},"3":{"name":"(anonymous_11)","decl":{"start":{"line":35,"column":11},"end":{"line":35,"column":18}},"loc":{"start":{"line":35,"column":37},"end":{"line":38,"column":null}}},"4":{"name":"(anonymous_12)","decl":{"start":{"line":35,"column":37},"end":{"line":35,"column":null}},"loc":{"start":{"line":35,"column":37},"end":{"line":38,"column":5}}},"5":{"name":"(anonymous_13)","decl":{"start":{"line":40,"column":20},"end":{"line":40,"column":29}},"loc":{"start":{"line":40,"column":31},"end":{"line":43,"column":null}}},"6":{"name":"(anonymous_14)","decl":{"start":{"line":40,"column":31},"end":{"line":40,"column":null}},"loc":{"start":{"line":40,"column":31},"end":{"line":43,"column":5}}},"7":{"name":"(anonymous_15)","decl":{"start":{"line":47,"column":17},"end":{"line":47,"column":24}},"loc":{"start":{"line":47,"column":41},"end":{"line":50,"column":null}}},"8":{"name":"(anonymous_16)","decl":{"start":{"line":47,"column":41},"end":{"line":47,"column":null}},"loc":{"start":{"line":47,"column":41},"end":{"line":50,"column":5}}},"9":{"name":"(anonymous_17)","decl":{"start":{"line":52,"column":17},"end":{"line":52,"column":24}},"loc":{"start":{"line":52,"column":42},"end":{"line":55,"column":null}}},"10":{"name":"(anonymous_18)","decl":{"start":{"line":52,"column":42},"end":{"line":52,"column":null}},"loc":{"start":{"line":52,"column":42},"end":{"line":55,"column":5}}}},"branchMap":{"0":{"loc":{"start":{"line":11,"column":4},"end":{"line":13,"column":5}},"type":"if","locations":[{"start":{"line":11,"column":4},"end":{"line":13,"column":5}}]}},"s":{"0":0,"1":0,"2":0,"3":0,"4":0,"5":0,"6":0,"7":0,"8":0,"9":0,"10":0,"11":0,"12":0,"13":0,"14":0,"15":0,"16":0,"17":0,"18":0,"19":0,"20":0,"21":0,"22":0,"23":0,"24":0,"25":0},"f":{"0":0,"1":0,"2":0,"3":0,"4":0,"5":0,"6":0,"7":0,"8":0,"9":0,"10":0},"b":{"0":[0]}}
,"C:\\Users\\muhav\\Documents\\Projects\\p-p-chat\\src\\services\\websocket.ts": {"path":"C:\\Users\\muhav\\Documents\\Projects\\p-p-chat\\src\\services\\websocket.ts","statementMap":{"0":{"start":{"line":1,"column":0},"end":{"line":1,"column":45}},"1":{"start":{"line":20,"column":12},"end":{"line":20,"column":40}},"2":{"start":{"line":21,"column":12},"end":{"line":21,"column":68}},"3":{"start":{"line":22,"column":12},"end":{"line":22,"column":34}},"4":{"start":{"line":23,"column":12},"end":{"line":23,"column":37}},"5":{"start":{"line":24,"column":12},"end":{"line":24,"column":34}},"6":{"start":{"line":27,"column":8},"end":{"line":66,"column":11}},"7":{"start":{"line":28,"column":12},"end":{"line":65,"column":13}},"8":{"start":{"line":29,"column":16},"end":{"line":29,"column":48}},"9":{"start":{"line":31,"column":16},"end":{"line":43,"column":18}},"10":{"start":{"line":32,"column":20},"end":{"line":32,"column":55}},"11":{"start":{"line":33,"column":20},"end":{"line":33,"column":47}},"12":{"start":{"line":36,"column":20},"end":{"line":40,"column":23}},"13":{"start":{"line":42,"column":20},"end":{"line":42,"column":30}},"14":{"start":{"line":45,"column":16},"end":{"line":52,"column":18}},"15":{"start":{"line":46,"column":20},"end":{"line":51,"column":21}},"16":{"start":{"line":47,"column":37},"end":{"line":47,"column":59}},"17":{"start":{"line":48,"column":24},"end":{"line":48,"column":49}},"18":{"start":{"line":50,"column":24},"end":{"line":50,"column":83}},"19":{"start":{"line":54,"column":16},"end":{"line":57,"column":18}},"20":{"start":{"line":55,"column":20},"end":{"line":55,"column":61}},"21":{"start":{"line":56,"column":20},"end":{"line":56,"column":34}},"22":{"start":{"line":59,"column":16},"end":{"line":62,"column":18}},"23":{"start":{"line":60,"column":20},"end":{"line":60,"column":58}},"24":{"start":{"line":61,"column":20},"end":{"line":61,"column":57}},"25":{"start":{"line":64,"column":16},"end":{"line":64,"column":30}},"26":{"start":{"line":70,"column":8},"end":{"line":79,"column":9}},"27":{"start":{"line":71,"column":12},"end":{"line":71,"column":37}},"28":{"start":{"line":72,"column":12},"end":{"line":72,"column":111}},"29":{"start":{"line":74,"column":12},"end":{"line":78,"column":61}},"30":{"start":{"line":75,"column":16},"end":{"line":77,"column":19}},"31":{"start":{"line":83,"column":8},"end":{"line":86,"column":9}},"32":{"start":{"line":84,"column":12},"end":{"line":84,"column":28}},"33":{"start":{"line":85,"column":12},"end":{"line":85,"column":27}},"34":{"start":{"line":87,"column":8},"end":{"line":87,"column":37}},"35":{"start":{"line":91,"column":8},"end":{"line":95,"column":9}},"36":{"start":{"line":92,"column":12},"end":{"line":92,"column":47}},"37":{"start":{"line":94,"column":12},"end":{"line":94,"column":55}},"38":{"start":{"line":99,"column":8},"end":{"line":101,"column":9}},"39":{"start":{"line":100,"column":12},"end":{"line":100,"column":59}},"40":{"start":{"line":102,"column":8},"end":{"line":102,"column":58}},"41":{"start":{"line":106,"column":25},"end":{"line":106,"column":60}},"42":{"start":{"line":107,"column":8},"end":{"line":109,"column":9}},"43":{"start":{"line":108,"column":12},"end":{"line":108,"column":37}},"44":{"start":{"line":113,"column":25},"end":{"line":113,"column":60}},"45":{"start":{"line":114,"column":8},"end":{"line":116,"column":9}},"46":{"start":{"line":115,"column":12},"end":{"line":115,"column":57}},"47":{"start":{"line":115,"column":42},"end":{"line":115,"column":55}},"48":{"start":{"line":120,"column":8},"end":{"line":127,"column":11}},"49":{"start":{"line":131,"column":8},"end":{"line":136,"column":11}},"50":{"start":{"line":140,"column":8},"end":{"line":146,"column":11}},"51":{"start":{"line":150,"column":13},"end":{"line":150,"column":48}}},"fnMap":{"0":{"name":"(anonymous_0)","decl":{"start":{"line":19,"column":0},"end":{"line":19,"column":6}},"loc":{"start":{"line":19,"column":0},"end":{"line":148,"column":1}}},"1":{"name":"(anonymous_1)","decl":{"start":{"line":26,"column":4},"end":{"line":26,"column":11}},"loc":{"start":{"line":26,"column":41},"end":{"line":67,"column":5}}},"2":{"name":"(anonymous_2)","decl":{"start":{"line":27,"column":27},"end":{"line":27,"column":28}},"loc":{"start":{"line":27,"column":47},"end":{"line":66,"column":9}}},"3":{"name":"(anonymous_3)","decl":{"start":{"line":31,"column":33},"end":{"line":31,"column":36}},"loc":{"start":{"line":31,"column":38},"end":{"line":43,"column":17}}},"4":{"name":"(anonymous_4)","decl":{"start":{"line":45,"column":36},"end":{"line":45,"column":37}},"loc":{"start":{"line":45,"column":46},"end":{"line":52,"column":17}}},"5":{"name":"(anonymous_5)","decl":{"start":{"line":54,"column":34},"end":{"line":54,"column":35}},"loc":{"start":{"line":54,"column":44},"end":{"line":57,"column":17}}},"6":{"name":"(anonymous_6)","decl":{"start":{"line":59,"column":34},"end":{"line":59,"column":37}},"loc":{"start":{"line":59,"column":39},"end":{"line":62,"column":17}}},"7":{"name":"(anonymous_7)","decl":{"start":{"line":69,"column":12},"end":{"line":69,"column":28}},"loc":{"start":{"line":69,"column":58},"end":{"line":80,"column":5}}},"8":{"name":"(anonymous_8)","decl":{"start":{"line":74,"column":23},"end":{"line":74,"column":26}},"loc":{"start":{"line":74,"column":28},"end":{"line":78,"column":13}}},"9":{"name":"(anonymous_9)","decl":{"start":{"line":75,"column":50},"end":{"line":75,"column":53}},"loc":{"start":{"line":75,"column":55},"end":{"line":77,"column":17}}},"10":{"name":"(anonymous_10)","decl":{"start":{"line":82,"column":4},"end":{"line":82,"column":14}},"loc":{"start":{"line":82,"column":14},"end":{"line":88,"column":5}}},"11":{"name":"(anonymous_11)","decl":{"start":{"line":90,"column":4},"end":{"line":90,"column":8}},"loc":{"start":{"line":90,"column":31},"end":{"line":96,"column":5}}},"12":{"name":"(anonymous_12)","decl":{"start":{"line":98,"column":4},"end":{"line":98,"column":6}},"loc":{"start":{"line":98,"column":43},"end":{"line":103,"column":5}}},"13":{"name":"(anonymous_13)","decl":{"start":{"line":105,"column":4},"end":{"line":105,"column":7}},"loc":{"start":{"line":105,"column":44},"end":{"line":110,"column":5}}},"14":{"name":"(anonymous_14)","decl":{"start":{"line":112,"column":12},"end":{"line":112,"column":25}},"loc":{"start":{"line":112,"column":48},"end":{"line":117,"column":5}}},"15":{"name":"(anonymous_15)","decl":{"start":{"line":115,"column":29},"end":{"line":115,"column":30}},"loc":{"start":{"line":115,"column":42},"end":{"line":115,"column":55}}},"16":{"name":"(anonymous_16)","decl":{"start":{"line":119,"column":4},"end":{"line":119,"column":15}},"loc":{"start":{"line":119,"column":69},"end":{"line":128,"column":5}}},"17":{"name":"(anonymous_17)","decl":{"start":{"line":130,"column":4},"end":{"line":130,"column":14}},"loc":{"start":{"line":130,"column":58},"end":{"line":137,"column":5}}},"18":{"name":"(anonymous_18)","decl":{"start":{"line":139,"column":4},"end":{"line":139,"column":14}},"loc":{"start":{"line":139,"column":68},"end":{"line":147,"column":5}}}},"branchMap":{"0":{"loc":{"start":{"line":70,"column":8},"end":{"line":79,"column":9}},"type":"if","locations":[{"start":{"line":70,"column":8},"end":{"line":79,"column":9}}]},"1":{"loc":{"start":{"line":83,"column":8},"end":{"line":86,"column":9}},"type":"if","locations":[{"start":{"line":83,"column":8},"end":{"line":86,"column":9}}]},"2":{"loc":{"start":{"line":91,"column":8},"end":{"line":95,"column":9}},"type":"if","locations":[{"start":{"line":91,"column":8},"end":{"line":95,"column":9}},{"start":{"line":93,"column":15},"end":{"line":95,"column":9}}]},"3":{"loc":{"start":{"line":91,"column":12},"end":{"line":91,"column":60}},"type":"binary-expr","locations":[{"start":{"line":91,"column":12},"end":{"line":91,"column":19}},{"start":{"line":91,"column":23},"end":{"line":91,"column":60}}]},"4":{"loc":{"start":{"line":99,"column":8},"end":{"line":101,"column":9}},"type":"if","locations":[{"start":{"line":99,"column":8},"end":{"line":101,"column":9}}]},"5":{"loc":{"start":{"line":107,"column":8},"end":{"line":109,"column":9}},"type":"if","locations":[{"start":{"line":107,"column":8},"end":{"line":109,"column":9}}]},"6":{"loc":{"start":{"line":114,"column":8},"end":{"line":116,"column":9}},"type":"if","locations":[{"start":{"line":114,"column":8},"end":{"line":116,"column":9}}]}},"s":{"0":0,"1":0,"2":0,"3":0,"4":0,"5":0,"6":0,"7":0,"8":0,"9":0,"10":0,"11":0,"12":0,"13":0,"14":0,"15":0,"16":0,"17":0,"18":0,"19":0,"20":0,"21":0,"22":0,"23":0,"24":0,"25":0,"26":0,"27":0,"28":0,"29":0,"30":0,"31":0,"32":0,"33":0,"34":0,"35":0,"36":0,"37":0,"38":0,"39":0,"40":0,"41":0,"42":0,"43":0,"44":0,"45":0,"46":0,"47":0,"48":0,"49":0,"50":0,"51":0},"f":{"0":0,"1":0,"2":0,"3":0,"4":0,"5":0,"6":0,"7":0,"8":0,"9":0,"10":0,"11":0,"12":0,"13":0,"14":0,"15":0,"16":0,"17":0,"18":0},"b":{"0":[0],"1":[0],"2":[0,0],"3":[0,0],"4":[0],"5":[0],"6":[0]}}
,"C:\\Users\\muhav\\Documents\\Projects\\p-p-chat\\src\\shared\\constants\\index.ts": {"path":"C:\\Users\\muhav\\Documents\\Projects\\p-p-chat\\src\\shared\\constants\\index.ts","statementMap":{"0":{"start":{"line":1,"column":13},"end":{"line":1,"column":79}},"1":{"start":{"line":2,"column":13},"end":{"line":2,"column":75}},"2":{"start":{"line":4,"column":13},"end":{"line":9,"column":2}},"3":{"start":{"line":11,"column":13},"end":{"line":25,"column":2}}},"fnMap":{},"branchMap":{"0":{"loc":{"start":{"line":1,"column":23},"end":{"line":1,"column":78}},"type":"binary-expr","locations":[{"start":{"line":1,"column":23},"end":{"line":1,"column":51}},{"start":{"line":1,"column":55},"end":{"line":1,"column":78}}]},"1":{"loc":{"start":{"line":2,"column":22},"end":{"line":2,"column":74}},"type":"binary-expr","locations":[{"start":{"line":2,"column":22},"end":{"line":2,"column":49}},{"start":{"line":2,"column":53},"end":{"line":2,"column":74}}]}},"s":{"0":0,"1":0,"2":0,"3":0},"f":{},"b":{"0":[0,0],"1":[0,0]}}
}
