TN:
SF:src\components\chat-window\index.tsx
FN:66,(anonymous_1)
FN:77,(anonymous_2)
FN:97,(anonymous_3)
FN:98,(anonymous_4)
FN:100,(anonymous_5)
FN:103,(anonymous_6)
FN:114,(anonymous_7)
FN:236,(anonymous_8)
FN:237,(anonymous_9)
FN:239,(anonymous_10)
FN:249,(anonymous_11)
FN:255,(anonymous_12)
FN:256,(anonymous_13)
FN:324,(anonymous_14)
FN:335,(anonymous_15)
FN:366,(anonymous_16)
FN:377,(anonymous_17)
FN:381,(anonymous_18)
FN:383,(anonymous_19)
FN:396,(anonymous_20)
FN:400,(anonymous_21)
FN:408,(anonymous_22)
FN:415,(anonymous_23)
FN:419,(anonymous_24)
FN:421,(anonymous_25)
FN:427,(anonymous_26)
FN:441,(anonymous_27)
FN:467,(anonymous_28)
FN:477,(anonymous_29)
FN:483,(anonymous_30)
FN:492,(anonymous_31)
FN:512,(anonymous_32)
FN:514,(anonymous_33)
FN:549,(anonymous_34)
FN:573,(anonymous_35)
FN:591,(anonymous_36)
FN:596,(anonymous_37)
FNF:37
FNH:0
FNDA:0,(anonymous_1)
FNDA:0,(anonymous_2)
FNDA:0,(anonymous_3)
FNDA:0,(anonymous_4)
FNDA:0,(anonymous_5)
FNDA:0,(anonymous_6)
FNDA:0,(anonymous_7)
FNDA:0,(anonymous_8)
FNDA:0,(anonymous_9)
FNDA:0,(anonymous_10)
FNDA:0,(anonymous_11)
FNDA:0,(anonymous_12)
FNDA:0,(anonymous_13)
FNDA:0,(anonymous_14)
FNDA:0,(anonymous_15)
FNDA:0,(anonymous_16)
FNDA:0,(anonymous_17)
FNDA:0,(anonymous_18)
FNDA:0,(anonymous_19)
FNDA:0,(anonymous_20)
FNDA:0,(anonymous_21)
FNDA:0,(anonymous_22)
FNDA:0,(anonymous_23)
FNDA:0,(anonymous_24)
FNDA:0,(anonymous_25)
FNDA:0,(anonymous_26)
FNDA:0,(anonymous_27)
FNDA:0,(anonymous_28)
FNDA:0,(anonymous_29)
FNDA:0,(anonymous_30)
FNDA:0,(anonymous_31)
FNDA:0,(anonymous_32)
FNDA:0,(anonymous_33)
FNDA:0,(anonymous_34)
FNDA:0,(anonymous_35)
FNDA:0,(anonymous_36)
FNDA:0,(anonymous_37)
DA:1,0
DA:2,0
DA:4,0
DA:5,0
DA:6,0
DA:9,0
DA:18,0
DA:31,0
DA:46,0
DA:53,0
DA:57,0
DA:64,0
DA:67,0
DA:78,0
DA:82,0
DA:92,0
DA:97,0
DA:99,0
DA:101,0
DA:103,0
DA:106,0
DA:112,0
DA:115,0
DA:119,0
DA:137,0
DA:143,0
DA:162,0
DA:202,0
DA:213,0
DA:220,0
DA:228,0
DA:236,0
DA:237,0
DA:239,0
DA:246,0
DA:249,0
DA:255,0
DA:256,0
DA:264,0
DA:270,0
DA:292,0
DA:299,0
DA:306,0
DA:314,0
DA:322,0
DA:325,0
DA:336,0
DA:340,0
DA:346,0
DA:354,0
DA:360,0
DA:366,0
DA:367,0
DA:368,0
DA:369,0
DA:370,0
DA:371,0
DA:372,0
DA:374,0
DA:375,0
DA:377,0
DA:378,0
DA:381,0
DA:382,0
DA:383,0
DA:384,0
DA:385,0
DA:396,0
DA:397,0
DA:398,0
DA:399,0
DA:400,0
DA:405,0
DA:406,0
DA:408,0
DA:409,0
DA:410,0
DA:415,0
DA:416,0
DA:419,0
DA:420,0
DA:421,0
DA:422,0
DA:423,0
DA:424,0
DA:426,0
DA:427,0
DA:429,0
DA:430,0
DA:431,0
DA:432,0
DA:433,0
DA:436,0
DA:441,0
DA:442,0
DA:444,0
DA:446,0
DA:449,0
DA:459,0
DA:462,0
DA:464,0
DA:467,0
DA:468,0
DA:470,0
DA:471,0
DA:473,0
DA:474,0
DA:477,0
DA:478,0
DA:483,0
DA:484,0
DA:485,0
DA:492,0
DA:493,0
DA:494,0
DA:495,0
DA:496,0
DA:498,0
DA:499,0
DA:500,0
DA:501,0
DA:503,0
DA:512,0
DA:513,0
DA:514,0
DA:515,0
DA:516,0
DA:517,0
DA:519,0
DA:533,0
DA:534,0
DA:546,0
DA:549,0
DA:573,0
DA:591,0
DA:596,0
DA:633,0
LF:137
LH:0
BRDA:67,0,0,0
BRDA:67,0,1,0
BRDA:78,1,0,0
BRDA:78,1,1,0
BRDA:97,2,0,0
BRDA:97,2,1,0
BRDA:99,3,0,0
BRDA:99,3,1,0
BRDA:101,4,0,0
BRDA:101,4,1,0
BRDA:103,5,0,0
BRDA:103,5,1,0
BRDA:115,6,0,0
BRDA:115,6,1,0
BRDA:236,7,0,0
BRDA:236,7,1,0
BRDA:237,8,0,0
BRDA:237,8,1,0
BRDA:239,9,0,0
BRDA:239,9,1,0
BRDA:249,10,0,0
BRDA:249,10,1,0
BRDA:255,11,0,0
BRDA:255,11,1,0
BRDA:256,12,0,0
BRDA:256,12,1,0
BRDA:325,13,0,0
BRDA:325,13,1,0
BRDA:336,14,0,0
BRDA:336,14,1,0
BRDA:374,15,0,0
BRDA:374,15,1,0
BRDA:374,16,0,0
BRDA:374,16,1,0
BRDA:374,17,0,0
BRDA:374,17,1,0
BRDA:375,18,0,0
BRDA:375,18,1,0
BRDA:375,19,0,0
BRDA:375,19,1,0
BRDA:375,20,0,0
BRDA:375,20,1,0
BRDA:375,21,0,0
BRDA:375,21,1,0
BRDA:382,22,0,0
BRDA:382,23,0,0
BRDA:382,23,1,0
BRDA:384,24,0,0
BRDA:397,25,0,0
BRDA:399,26,0,0
BRDA:416,27,0,0
BRDA:416,27,1,0
BRDA:416,28,0,0
BRDA:416,28,1,0
BRDA:420,29,0,0
BRDA:424,30,0,0
BRDA:429,31,0,0
BRDA:444,32,0,0
BRDA:444,33,0,0
BRDA:444,33,1,0
BRDA:444,33,2,0
BRDA:470,34,0,0
BRDA:470,35,0,0
BRDA:470,35,1,0
BRDA:473,36,0,0
BRDA:498,37,0,0
BRDA:498,37,1,0
BRDA:500,38,0,0
BRDA:500,38,1,0
BRDA:507,39,0,0
BRDA:507,39,1,0
BRDA:521,40,0,0
BRDA:521,40,1,0
BRDA:522,41,0,0
BRDA:522,41,1,0
BRDA:522,42,0,0
BRDA:522,42,1,0
BRDA:524,43,0,0
BRDA:524,43,1,0
BRDA:524,44,0,0
BRDA:524,44,1,0
BRDA:533,45,0,0
BRDA:533,46,0,0
BRDA:533,46,1,0
BRDA:548,47,0,0
BRDA:548,47,1,0
BRDA:554,48,0,0
BRDA:554,48,1,0
BRDA:561,49,0,0
BRDA:561,49,1,0
BRDA:618,50,0,0
BRDA:618,50,1,0
BRDA:622,51,0,0
BRDA:622,51,1,0
BRF:94
BRH:0
end_of_record
TN:
SF:src\components\chats-list\index.tsx
FN:62,(anonymous_8)
FN:168,(anonymous_9)
FN:192,(anonymous_10)
FN:242,(anonymous_11)
FN:254,(anonymous_12)
FN:255,(anonymous_13)
FN:265,(anonymous_14)
FN:270,(anonymous_15)
FN:295,(anonymous_16)
FN:295,(anonymous_17)
FN:314,(anonymous_18)
FN:314,(anonymous_19)
FN:342,(anonymous_20)
FN:343,(anonymous_21)
FN:350,(anonymous_22)
FN:363,(anonymous_23)
FN:376,(anonymous_24)
FN:386,(anonymous_25)
FN:412,(anonymous_26)
FN:424,(anonymous_27)
FN:427,(anonymous_28)
FN:463,(anonymous_29)
FN:467,(anonymous_30)
FNF:23
FNH:0
FNDA:0,(anonymous_8)
FNDA:0,(anonymous_9)
FNDA:0,(anonymous_10)
FNDA:0,(anonymous_11)
FNDA:0,(anonymous_12)
FNDA:0,(anonymous_13)
FNDA:0,(anonymous_14)
FNDA:0,(anonymous_15)
FNDA:0,(anonymous_16)
FNDA:0,(anonymous_17)
FNDA:0,(anonymous_18)
FNDA:0,(anonymous_19)
FNDA:0,(anonymous_20)
FNDA:0,(anonymous_21)
FNDA:0,(anonymous_22)
FNDA:0,(anonymous_23)
FNDA:0,(anonymous_24)
FNDA:0,(anonymous_25)
FNDA:0,(anonymous_26)
FNDA:0,(anonymous_27)
FNDA:0,(anonymous_28)
FNDA:0,(anonymous_29)
FNDA:0,(anonymous_30)
DA:1,0
DA:2,0
DA:3,0
DA:4,0
DA:5,0
DA:6,0
DA:7,0
DA:8,0
DA:11,0
DA:21,0
DA:25,0
DA:33,0
DA:48,0
DA:55,0
DA:61,0
DA:62,0
DA:75,0
DA:95,0
DA:104,0
DA:121,0
DA:136,0
DA:151,0
DA:164,0
DA:169,0
DA:176,0
DA:181,0
DA:186,0
DA:192,0
DA:201,0
DA:206,0
DA:216,0
DA:224,0
DA:235,0
DA:242,0
DA:244,0
DA:245,0
DA:246,0
DA:247,0
DA:248,0
DA:249,0
DA:250,0
DA:251,0
DA:254,0
DA:255,0
DA:256,0
DA:260,0
DA:264,0
DA:265,0
DA:266,0
DA:270,0
DA:272,0
DA:275,0
DA:276,0
DA:277,0
DA:281,0
DA:284,0
DA:285,0
DA:286,0
DA:289,0
DA:292,0
DA:295,0
DA:296,0
DA:299,0
DA:300,0
DA:304,0
DA:305,0
DA:306,0
DA:307,0
DA:311,0
DA:314,0
DA:315,0
DA:316,0
DA:317,0
DA:318,0
DA:320,0
DA:322,0
DA:323,0
DA:324,0
DA:326,0
DA:328,0
DA:329,0
DA:330,0
DA:331,0
DA:334,0
DA:336,0
DA:342,0
DA:343,0
DA:344,0
DA:345,0
DA:350,0
DA:352,0
DA:354,0
DA:363,0
DA:364,0
DA:365,0
DA:366,0
DA:370,0
DA:371,0
DA:372,0
DA:376,0
DA:377,0
DA:378,0
DA:379,0
DA:382,0
DA:386,0
DA:412,0
DA:425,0
DA:427,0
DA:464,0
DA:467,0
DA:493,0
LF:111
LH:0
BRDA:62,0,0,0
BRDA:62,0,1,0
BRDA:169,1,0,0
BRDA:169,1,1,0
BRDA:192,2,0,0
BRDA:192,2,1,0
BRDA:256,3,0,0
BRDA:257,4,0,0
BRDA:257,4,1,0
BRDA:299,5,0,0
BRDA:304,6,0,0
BRDA:323,7,0,0
BRDA:323,7,1,0
BRDA:323,8,0,0
BRDA:323,8,1,0
BRDA:323,9,0,0
BRDA:323,9,1,0
BRDA:326,10,0,0
BRDA:326,10,1,0
BRDA:330,11,0,0
BRDA:330,11,1,0
BRDA:330,12,0,0
BRDA:330,12,1,0
BRDA:332,13,0,0
BRDA:332,13,1,0
BRDA:332,14,0,0
BRDA:332,14,1,0
BRDA:332,15,0,0
BRDA:332,15,1,0
BRDA:332,16,0,0
BRDA:332,16,1,0
BRDA:332,17,0,0
BRDA:332,17,1,0
BRDA:344,18,0,0
BRDA:352,19,0,0
BRDA:377,20,0,0
BRDA:377,20,1,0
BRDA:378,21,0,0
BRDA:378,21,1,0
BRDA:388,22,0,0
BRDA:388,22,1,0
BRDA:388,23,0,0
BRDA:388,23,1,0
BRDA:388,24,0,0
BRDA:388,24,1,0
BRDA:388,25,0,0
BRDA:388,25,1,0
BRDA:391,26,0,0
BRDA:391,26,1,0
BRDA:391,27,0,0
BRDA:391,27,1,0
BRDA:415,28,0,0
BRDA:415,28,1,0
BRDA:417,29,0,0
BRDA:417,29,1,0
BRDA:423,30,0,0
BRDA:423,30,1,0
BRDA:458,31,0,0
BRDA:458,31,1,0
BRDA:479,32,0,0
BRDA:479,32,1,0
BRDA:482,33,0,0
BRDA:482,33,1,0
BRF:63
BRH:0
end_of_record
TN:
SF:src\components\layout\index.tsx
FN:10,(anonymous_1)
FNF:1
FNH:0
FNDA:0,(anonymous_1)
DA:1,0
DA:3,0
DA:10,0
DA:11,0
DA:13,0
LF:5
LH:0
BRF:0
BRH:0
end_of_record
TN:
SF:src\context\app-context.tsx
FN:6,(anonymous_0)
FN:8,(anonymous_1)
FN:10,(anonymous_2)
FN:14,(anonymous_3)
FN:16,(anonymous_4)
FN:30,(anonymous_5)
FN:34,(anonymous_6)
FN:50,(anonymous_7)
FN:54,(anonymous_8)
FN:55,(anonymous_9)
FN:61,(anonymous_10)
FN:65,(anonymous_11)
FN:83,(anonymous_12)
FN:102,(anonymous_13)
FN:111,(anonymous_14)
FNF:15
FNH:0
FNDA:0,(anonymous_0)
FNDA:0,(anonymous_1)
FNDA:0,(anonymous_2)
FNDA:0,(anonymous_3)
FNDA:0,(anonymous_4)
FNDA:0,(anonymous_5)
FNDA:0,(anonymous_6)
FNDA:0,(anonymous_7)
FNDA:0,(anonymous_8)
FNDA:0,(anonymous_9)
FNDA:0,(anonymous_10)
FNDA:0,(anonymous_11)
FNDA:0,(anonymous_12)
FNDA:0,(anonymous_13)
FNDA:0,(anonymous_14)
DA:1,0
DA:4,0
DA:14,0
DA:15,0
DA:16,0
DA:17,0
DA:26,0
DA:30,0
DA:31,0
DA:32,0
DA:33,0
DA:34,0
DA:35,0
DA:37,0
DA:38,0
DA:40,0
DA:42,0
DA:44,0
DA:45,0
DA:50,0
DA:51,0
DA:54,0
DA:55,0
DA:57,0
DA:58,0
DA:61,0
DA:62,0
DA:65,0
DA:67,0
DA:68,0
DA:69,0
DA:70,0
DA:71,0
DA:72,0
DA:73,0
DA:74,0
DA:75,0
DA:76,0
DA:79,0
DA:83,0
DA:84,0
DA:85,0
DA:88,0
DA:89,0
DA:90,0
DA:91,0
DA:92,0
DA:93,0
DA:94,0
DA:97,0
DA:102,0
DA:103,0
DA:104,0
DA:106,0
DA:111,0
DA:112,0
DA:113,0
DA:114,0
DA:120,0
DA:124,0
DA:133,0
LF:61
LH:0
BRDA:21,0,0,0
BRDA:21,0,1,0
BRDA:37,1,0,0
BRDA:51,2,0,0
BRDA:51,2,1,0
BRDA:58,3,0,0
BRDA:58,3,1,0
BRDA:62,4,0,0
BRDA:62,4,1,0
BRDA:68,5,0,0
BRDA:72,6,0,0
BRDA:84,7,0,0
BRDA:84,7,1,0
BRDA:90,8,0,0
BRDA:103,9,0,0
BRDA:103,9,1,0
BRDA:112,10,0,0
BRDA:112,11,0,0
BRDA:112,11,1,0
BRF:19
BRH:0
end_of_record
TN:
SF:src\pages\auth\login\index.tsx
FN:122,(anonymous_8)
FN:130,(anonymous_9)
FN:130,(anonymous_10)
FN:166,(anonymous_11)
FN:179,(anonymous_12)
FNF:5
FNH:0
FNDA:0,(anonymous_8)
FNDA:0,(anonymous_9)
FNDA:0,(anonymous_10)
FNDA:0,(anonymous_11)
FNDA:0,(anonymous_12)
DA:1,0
DA:2,0
DA:3,0
DA:4,0
DA:5,0
DA:6,0
DA:8,0
DA:17,0
DA:26,0
DA:34,0
DA:41,0
DA:47,0
DA:53,0
DA:59,0
DA:80,0
DA:105,0
DA:112,0
DA:122,0
DA:123,0
DA:127,0
DA:128,0
DA:130,0
DA:131,0
DA:133,0
DA:134,0
DA:135,0
DA:138,0
DA:139,0
DA:140,0
DA:141,0
DA:142,0
DA:143,0
DA:144,0
DA:146,0
DA:148,0
DA:152,0
DA:167,0
DA:180,0
DA:199,0
LF:39
LH:0
BRDA:133,0,0,0
BRDA:133,1,0,0
BRDA:133,1,1,0
BRDA:146,2,0,0
BRDA:146,2,1,0
BRDA:146,3,0,0
BRDA:146,3,1,0
BRDA:146,4,0,0
BRDA:146,4,1,0
BRDA:146,5,0,0
BRDA:146,5,1,0
BRDA:146,6,0,0
BRDA:146,6,1,0
BRDA:186,7,0,0
BRDA:186,7,1,0
BRF:15
BRH:0
end_of_record
TN:
SF:src\pages\auth\signup\index.tsx
FN:122,(anonymous_8)
FN:133,(anonymous_9)
FN:133,(anonymous_10)
FN:189,(anonymous_11)
FN:202,(anonymous_12)
FN:215,(anonymous_13)
FN:228,(anonymous_14)
FN:241,(anonymous_15)
FNF:8
FNH:0
FNDA:0,(anonymous_8)
FNDA:0,(anonymous_9)
FNDA:0,(anonymous_10)
FNDA:0,(anonymous_11)
FNDA:0,(anonymous_12)
FNDA:0,(anonymous_13)
FNDA:0,(anonymous_14)
FNDA:0,(anonymous_15)
DA:1,0
DA:2,0
DA:3,0
DA:4,0
DA:5,0
DA:6,0
DA:8,0
DA:17,0
DA:26,0
DA:34,0
DA:41,0
DA:47,0
DA:53,0
DA:59,0
DA:80,0
DA:105,0
DA:112,0
DA:122,0
DA:123,0
DA:130,0
DA:131,0
DA:133,0
DA:134,0
DA:136,0
DA:142,0
DA:143,0
DA:146,0
DA:147,0
DA:148,0
DA:151,0
DA:152,0
DA:153,0
DA:156,0
DA:157,0
DA:158,0
DA:164,0
DA:165,0
DA:166,0
DA:167,0
DA:169,0
DA:171,0
DA:175,0
DA:190,0
DA:203,0
DA:216,0
DA:229,0
DA:242,0
DA:261,0
LF:48
LH:0
BRDA:136,0,0,0
BRDA:137,1,0,0
BRDA:137,1,1,0
BRDA:137,1,2,0
BRDA:137,1,3,0
BRDA:146,2,0,0
BRDA:151,3,0,0
BRDA:169,4,0,0
BRDA:169,4,1,0
BRDA:169,5,0,0
BRDA:169,5,1,0
BRDA:169,6,0,0
BRDA:169,6,1,0
BRDA:169,7,0,0
BRDA:169,7,1,0
BRDA:169,8,0,0
BRDA:169,8,1,0
BRDA:248,9,0,0
BRDA:248,9,1,0
BRF:19
BRH:0
end_of_record
TN:
SF:src\pages\chat\index.tsx
FN:21,(anonymous_8)
FN:27,(anonymous_9)
FN:31,(anonymous_10)
FN:38,(anonymous_11)
FN:38,(anonymous_12)
FN:71,(anonymous_13)
FN:73,(anonymous_14)
FN:75,(anonymous_15)
FN:84,(anonymous_16)
FN:95,(anonymous_17)
FN:96,(anonymous_18)
FN:108,(anonymous_19)
FN:108,(anonymous_20)
FN:125,(anonymous_21)
FN:139,(anonymous_22)
FN:149,(anonymous_23)
FN:176,(anonymous_24)
FN:185,(anonymous_25)
FN:199,(anonymous_26)
FNF:19
FNH:0
FNDA:0,(anonymous_8)
FNDA:0,(anonymous_9)
FNDA:0,(anonymous_10)
FNDA:0,(anonymous_11)
FNDA:0,(anonymous_12)
FNDA:0,(anonymous_13)
FNDA:0,(anonymous_14)
FNDA:0,(anonymous_15)
FNDA:0,(anonymous_16)
FNDA:0,(anonymous_17)
FNDA:0,(anonymous_18)
FNDA:0,(anonymous_19)
FNDA:0,(anonymous_20)
FNDA:0,(anonymous_21)
FNDA:0,(anonymous_22)
FNDA:0,(anonymous_23)
FNDA:0,(anonymous_24)
FNDA:0,(anonymous_25)
FNDA:0,(anonymous_26)
DA:1,0
DA:2,0
DA:3,0
DA:4,0
DA:5,0
DA:6,0
DA:7,0
DA:8,0
DA:9,0
DA:10,0
DA:11,0
DA:14,0
DA:21,0
DA:22,0
DA:23,0
DA:24,0
DA:27,0
DA:28,0
DA:31,0
DA:33,0
DA:34,0
DA:38,0
DA:39,0
DA:40,0
DA:41,0
DA:42,0
DA:43,0
DA:47,0
DA:48,0
DA:51,0
DA:52,0
DA:55,0
DA:58,0
DA:59,0
DA:60,0
DA:61,0
DA:64,0
DA:65,0
DA:66,0
DA:67,0
DA:71,0
DA:73,0
DA:74,0
DA:75,0
DA:76,0
DA:78,0
DA:84,0
DA:85,0
DA:87,0
DA:88,0
DA:90,0
DA:95,0
DA:96,0
DA:97,0
DA:98,0
DA:99,0
DA:100,0
DA:101,0
DA:103,0
DA:108,0
DA:110,0
DA:111,0
DA:112,0
DA:113,0
DA:114,0
DA:116,0
DA:125,0
DA:126,0
DA:127,0
DA:128,0
DA:131,0
DA:133,0
DA:134,0
DA:135,0
DA:139,0
DA:140,0
DA:141,0
DA:143,0
DA:145,0
DA:149,0
DA:150,0
DA:151,0
DA:160,0
DA:161,0
DA:164,0
DA:165,0
DA:168,0
DA:171,0
DA:176,0
DA:177,0
DA:179,0
DA:185,0
DA:186,0
DA:187,0
DA:188,0
DA:189,0
DA:190,0
DA:192,0
DA:199,0
DA:200,0
DA:206,0
DA:216,0
LF:102
LH:0
BRDA:33,0,0,0
BRDA:41,1,0,0
BRDA:59,2,0,0
BRDA:74,3,0,0
BRDA:74,4,0,0
BRDA:74,4,1,0
BRDA:87,5,0,0
BRDA:87,5,1,0
BRDA:99,6,0,0
BRDA:110,7,0,0
BRDA:143,8,0,0
BRDA:150,9,0,0
BRDA:164,10,0,0
BRDA:177,11,0,0
BRDA:177,12,0,0
BRDA:177,12,1,0
BRDA:179,13,0,0
BRDA:179,13,1,0
BRDA:188,14,0,0
BRDA:200,15,0,0
BRDA:200,16,0,0
BRDA:200,16,1,0
BRDA:200,16,2,0
BRF:23
BRH:0
end_of_record
TN:
SF:src\services\api.ts
FN:9,(anonymous_8)
FN:30,(anonymous_9)
FN:30,(anonymous_10)
FN:35,(anonymous_11)
FN:35,(anonymous_12)
FN:40,(anonymous_13)
FN:40,(anonymous_14)
FN:47,(anonymous_15)
FN:47,(anonymous_16)
FN:52,(anonymous_17)
FN:52,(anonymous_18)
FNF:11
FNH:0
FNDA:0,(anonymous_8)
FNDA:0,(anonymous_9)
FNDA:0,(anonymous_10)
FNDA:0,(anonymous_11)
FNDA:0,(anonymous_12)
FNDA:0,(anonymous_13)
FNDA:0,(anonymous_14)
FNDA:0,(anonymous_15)
FNDA:0,(anonymous_16)
FNDA:0,(anonymous_17)
FNDA:0,(anonymous_18)
DA:1,0
DA:2,0
DA:4,0
DA:9,0
DA:10,0
DA:11,0
DA:12,0
DA:14,0
DA:29,0
DA:30,0
DA:31,0
DA:32,0
DA:35,0
DA:36,0
DA:37,0
DA:40,0
DA:41,0
DA:42,0
DA:46,0
DA:47,0
DA:48,0
DA:49,0
DA:52,0
DA:53,0
DA:54,0
DA:58,0
LF:26
LH:0
BRDA:11,0,0,0
BRF:1
BRH:0
end_of_record
TN:
SF:src\services\websocket.ts
FN:19,(anonymous_0)
FN:26,(anonymous_1)
FN:27,(anonymous_2)
FN:31,(anonymous_3)
FN:45,(anonymous_4)
FN:54,(anonymous_5)
FN:59,(anonymous_6)
FN:69,(anonymous_7)
FN:74,(anonymous_8)
FN:75,(anonymous_9)
FN:82,(anonymous_10)
FN:90,(anonymous_11)
FN:98,(anonymous_12)
FN:105,(anonymous_13)
FN:112,(anonymous_14)
FN:115,(anonymous_15)
FN:119,(anonymous_16)
FN:130,(anonymous_17)
FN:139,(anonymous_18)
FNF:19
FNH:0
FNDA:0,(anonymous_0)
FNDA:0,(anonymous_1)
FNDA:0,(anonymous_2)
FNDA:0,(anonymous_3)
FNDA:0,(anonymous_4)
FNDA:0,(anonymous_5)
FNDA:0,(anonymous_6)
FNDA:0,(anonymous_7)
FNDA:0,(anonymous_8)
FNDA:0,(anonymous_9)
FNDA:0,(anonymous_10)
FNDA:0,(anonymous_11)
FNDA:0,(anonymous_12)
FNDA:0,(anonymous_13)
FNDA:0,(anonymous_14)
FNDA:0,(anonymous_15)
FNDA:0,(anonymous_16)
FNDA:0,(anonymous_17)
FNDA:0,(anonymous_18)
DA:1,0
DA:20,0
DA:21,0
DA:22,0
DA:23,0
DA:24,0
DA:27,0
DA:28,0
DA:29,0
DA:31,0
DA:32,0
DA:33,0
DA:36,0
DA:42,0
DA:45,0
DA:46,0
DA:47,0
DA:48,0
DA:50,0
DA:54,0
DA:55,0
DA:56,0
DA:59,0
DA:60,0
DA:61,0
DA:64,0
DA:70,0
DA:71,0
DA:72,0
DA:74,0
DA:75,0
DA:83,0
DA:84,0
DA:85,0
DA:87,0
DA:91,0
DA:92,0
DA:94,0
DA:99,0
DA:100,0
DA:102,0
DA:106,0
DA:107,0
DA:108,0
DA:113,0
DA:114,0
DA:115,0
DA:120,0
DA:131,0
DA:140,0
DA:150,0
LF:51
LH:0
BRDA:70,0,0,0
BRDA:83,1,0,0
BRDA:91,2,0,0
BRDA:91,2,1,0
BRDA:91,3,0,0
BRDA:91,3,1,0
BRDA:99,4,0,0
BRDA:107,5,0,0
BRDA:114,6,0,0
BRF:9
BRH:0
end_of_record
TN:
SF:src\shared\constants\index.ts
FNF:0
FNH:0
DA:1,0
DA:2,0
DA:4,0
DA:11,0
LF:4
LH:0
BRDA:1,0,0,0
BRDA:1,0,1,0
BRDA:2,1,0,0
BRDA:2,1,1,0
BRF:4
BRH:0
end_of_record
